Pinterest Downloader: Version 1.9

[ 1 ] Pin Id: 407083253828119952

Title: Archillect on Twitter
Description: Home / Twitter
Link: https://twitter.com/archillect/status/1523076393109639168/photo/1

[ 2 ] Pin Id: 407083253828120066

Title: Tumblr
Description: Tumblr is a place to express yourself, discover yourself, and bond over the stuff you love. It's where your interests connect you with your people.
Link: https://www.tumblr.com/dashboard

[ 3 ] Pin Id: 407083253828120068

Title: Tumblr
Description: Tumblr is a place to express yourself, discover yourself, and bond over the stuff you love. It's where your interests connect you with your people.
Link: https://www.tumblr.com/dashboard

[ 4 ] Pin Id: 407083253828120072

Title: Tumblr
Description: Tumblr is a place to express yourself, discover yourself, and bond over the stuff you love. It's where your interests connect you with your people.
Link: https://www.tumblr.com/dashboard

[ 5 ] Pin Id: 407083253828120076

Title: Tumblr
Description: Tumblr is a place to express yourself, discover yourself, and bond over the stuff you love. It's where your interests connect you with your people.
Link: https://www.tumblr.com/dashboard

[ 6 ] Pin Id: 407083253828120080

Description: SearchSystem™
Link: https://www.searchsystem.co/post/682667002836484096/studio-mast-to-be-done-tbd-logotype-2021

[ 7 ] Pin Id: 407083253828120095

Title: AE1 / 50mm / Cinestill 800T + 85B
Description: AE1 / 50mm / Cinestill 800T + 85B : analog
Link: https://www.reddit.com/r/analog/comments/u4uay9/ae1_50mm_cinestill_800t_85b/

[ 8 ] Pin Id: 407083253828120100

Title: South Iceland Roads (Pentax Super A, 50mm f1.7, Gold 200)
Link: https://www.reddit.com/r/analog/comments/dnxh8r/south_iceland_roads_pentax_super_a_50mm_f17_gold/

[ 9 ] Pin Id: 407083253828120101

Title: old windows icons
Link: https://oldwindowsicons.tumblr.com/post/658074659584180224/windows-95-configuration-settings

[ 10 ] Pin Id: 407083253828120120

Title: Gameboy shader
Description: Gameboy shader - RetroArch Additions / Shaders - Libretro Forums
Link: https://forums.libretro.com/t/gameboy-shader/347

[ 11 ] Pin Id: 407083253828120124

Title: Add these gameboy shaders?
Description: Add these gameboy shaders? - RetroPie Forum
Link: https://retropie.org.uk/forum/topic/7386/add-these-gameboy-shaders

[ 12 ] Pin Id: 407083253828120168

Title: joe greer on Twitter
Link: https://twitter.com/ioegreer/status/1013109127504113664

[ 13 ] Pin Id: 407083253828120171

Title: floralls
Link: http://floralls.tumblr.com/post/148246390191/by-marol-escajeda

[ 14 ] Pin Id: 407083253828120173

Title: F
Link: https://www.flickr.com/photos/anna_gulisashvili/8054748402/

[ 15 ] Pin Id: 407083253828120174

Title: ｊｕｎｇｌｅｗａｖｅ黄金アドベンチャーズ™: Photo
Link: https://junglewave.tumblr.com/image/173201137207

[ 16 ] Pin Id: 407083253828120176

Title: decadot
Link: http://decadot.tumblr.com/post/45496841927/

[ 17 ] Pin Id: 407083253828120177

Title: isla psicotrópica
Link: http://8tracks.com/charlie-mcplatzen/isla-psicotropica?utm_source=pinterest

[ 18 ] Pin Id: 407083253828120178

Title: Elephant / Final Project
Link: http://www.behance.net/gallery/Elephant-Final-Project/8397257

[ 19 ] Pin Id: 407083253828120179

Title: noirlac
Description: | noirlac |
Link: http://noirlac.tumblr.com/post/132235989612

[ 20 ] Pin Id: 407083253828120180

Title: noirlac
Description: Noirlac
Link: http://noirlac.tumblr.com/post/94627398112

[ 21 ] Pin Id: 407083253828120184

Title: Curated By Elli Zacharowitz
Link: http://studio-alte.tumblr.com/

[ 22 ] Pin Id: 407083253828120189

Title: My best summer photograph: sun, sand and plastic surgery
Link: https://www.theguardian.com/artanddesign/2016/aug/14/my-best-summer-photograph-sally-mann-ellen-von-unwerth

[ 23 ] Pin Id: 407083253828120193

Title: Takako Noelが目の当たりにした香港のエネルギー | 【GINZA】東京発信の最新ファッション＆カルチャー情報 | LIFESTYLE
Link: https://ginzamag.com/lifestyle/hongkong-art-2/

[ 24 ] Pin Id: 407083253828120194

Title: Stunning Aerial Landscapes of America’s Heartland
Description: 1. Konza Prairie, Manhattan, Kansas, 1982
Link: http://www.slate.com/blogs/behold/2013/10/02/terry_evans_documents_america_s_changing_landscape_in_her_series_canada.html

[ 25 ] Pin Id: 407083253828120195

Title: when noirlac doesn't source, tumblr loses!: Photo
Description: when noirlac doesn't source, tumblr loses! : Photo
Link: http://noirlacsourced.tumblr.com/image/111293010238

[ 26 ] Pin Id: 407083253828120196

Title: Mt.Aso
Link: http://www.flickr.com/photos/hirorin/7807166784/in/photostream/

[ 27 ] Pin Id: 407083253828120197

Title: decadot
Link: http://decadot.tumblr.com/post/142814921429/

[ 28 ] Pin Id: 407083253828120203

Title: Untitled
Link: https://www.flickr.com/photos/designedwithsam/26102066294/

[ 29 ] Pin Id: 407083253828120209

Link: https://twitter.com/Shiori1012/status/1447565357548404742

[ 30 ] Pin Id: 407083253828120210

Title: A Game of Clothes
Link: http://agameofclothes.tumblr.com/post/29306264820/the-neck-where-the-cannogmen-live

[ 31 ] Pin Id: 407083253828120211

Title: Daughter of Apollo
Link: https://greeksblog.tumblr.com/post/664026825430859776/but-why-the-wind-said-should-you-be-so

[ 32 ] Pin Id: 407083253828120212

Title: Mountains are always calling
Link: https://www.earthrunners.com/collections/outdoor-hiking-sandals

[ 33 ] Pin Id: 407083253828120213

Title: Nightcall
Link: https://www.behance.net/gallery/75288853/Nightcall?tracking_source=for_you_galleries

[ 34 ] Pin Id: 407083253828120214

Title: millennium dream
Description: 1996 | Mujintou Monogatari 3 - A.D. 1999 Tokyo (無人島物語３ Ａ．Ｄ．１９９９ ＴＯＫＹＯ)
Link: https://cameos.tumblr.com/post/30587238280

[ 35 ] Pin Id: 407083253828120216

Title: “⾃分らしい写真”を見つけるまで〜フォトグラファー・コハラタケルさんの場合〜 | IRODORI by Xシリーズ
Link: http://irodori-x.com/tips/6172/

[ 36 ] Pin Id: 407083253828120244

Title: コハラタケル on Twitter
Description: コハラタケル on Twitter: "『』  #fujifilm_xseries… "
Link: https://twitter.com/takerukohara/status/1253607324767252480

[ 37 ] Pin Id: 407083253828120245

Title: Ireland, basically. Hasselblad 501cm + Portra 400.
Link: https://www.reddit.com/r/analog/comments/bgv09o/ireland_basically_hasselblad_501cm_portra_400/

[ 38 ] Pin Id: 407083253828120247

Title: Photography is amazing (mamiya rz67 / 110mm / ektar 100)
Link: https://www.reddit.com/r/analog/comments/mfyhda/photography_is_amazing_mamiya_rz67_110mm_ektar_100/

[ 39 ] Pin Id: 407083253828120250

Title: broken hearts club
Link: http://vanish.tumblr.com/post/150432364129

[ 40 ] Pin Id: 407083253828120258

Title: Taken while hiking up Mt. Rainier. It blows my mind how photogenic this place is. [OC] [3872x2592]
Link: https://www.reddit.com/r/EarthPorn/comments/9li4ty/taken_while_hiking_up_mt_rainier_it_blows_my_mind/?utm_source=ifttt

[ 41 ] Pin Id: 407083253828120276

Title: Pentax 645n, 55mm f/2.8, Kodak Portra 400
Link: https://www.reddit.com/r/analog/comments/krzgcc/pentax_645n_55mm_f28_kodak_portra_400/

[ 42 ] Pin Id: 407083253828120279

Title: Leche
Description: Leche
Link: https://lechedemipalo.tumblr.com/page/59

[ 43 ] Pin Id: 407083253828120313

Title: Pentax SP1000, Portra 400
Description: Pentax SP1000, Portra 400 : analog
Link: https://www.reddit.com/r/analog/comments/fspfdn/pentax_sp1000_portra_400/

[ 44 ] Pin Id: 407083253828120321

Title: モトクロス斉藤 / UPC/ on Twitter
Link: https://twitter.com/moot_sai/status/1193815628710199296/photo/1

[ 45 ] Pin Id: 407083253828120323

Title: コハラタケル on Twitter
Link: https://twitter.com/takerukohara/status/1251847333848903680

[ 46 ] Pin Id: 407083253828120324

Title: 90377
Description: Sedna 90377
Link: http://90377.tumblr.com/post/170470398751

[ 47 ] Pin Id: 407083253828120329

Title: コハラタケル on Twitter
Link: https://twitter.com/takerukohara/status/1254708426552127489

[ 48 ] Pin Id: 407083253828120331

Title: new account is @zussya
Link: http://fruityfig.tumblr.com/post/184040272021

[ 49 ] Pin Id: 407083253828120332

Title: Kreum (ガティ・クラム) on Twitter
Link: https://twitter.com/guttykreum/status/1323806492798038016?s=12

[ 50 ] Pin Id: 407083253828120335

Title: コハラタケル on Twitter
Link: https://twitter.com/takerukohara/status/1256154048031416325

[ 51 ] Pin Id: 407083253828120337

Title: Consume by Valenberg on DeviantArt
Link: https://www.deviantart.com/valenberg/art/Consume-772680271

[ 52 ] Pin Id: 407083253828120338

Title: 古性 のち Kosho noci on Twitter
Link: https://twitter.com/nocci_84/status/1243176739703902209

[ 53 ] Pin Id: 407083253828120341

Title: Kenji Okabe Photography
Link: https://kenjiokabe.com/

[ 54 ] Pin Id: 407083253828120342

Description: Wood sorrel and mossy trunk Burrator woods Dartmoor 2010
Link: http://sphotos-a.xx.fbcdn.net/hphotos-prn1/156352_10151250052596623_756657114_n.jpg

[ 55 ] Pin Id: 407083253828120347

Title: Untitled
Link: https://www.flickr.com/photos/shabon01/11190877913/

[ 56 ] Pin Id: 407083253828120354

Title: Kenji Okabe Photography
Link: http://kenjiokabe.com/

