Pinterest Downloader: Version 1.9

[ 1 ] Pin Id: 407083253827870057

Title: Science Fiction Interfaces
Description: Science Fiction Interfaces
Link: https://sciencefictioninterfaces.tumblr.com/

[ 2 ] Pin Id: 407083253827870476

Title: Untitled
Link: https://www.flickr.com/photos/48661326@N07/34027832432/

[ 3 ] Pin Id: 407083253827870889

Title: wishes + dreams
Link: http://japan-overload.tumblr.com/post/89613393294/zatusha-mamiyarz67

[ 4 ] Pin Id: 407083253827871440

Title: Photo by Maxim Berg on Unsplash
Description: Free Digital image Image on Unsplash
Link: https://unsplash.com/photos/9XunOfueKKI

[ 5 ] Pin Id: 407083253827871459

Title: Episode 8 of the Podcast 'Countdown': Collision in Space
Link: http://time.com/4931240/countdown-podcast-episode-8/

[ 6 ] Pin Id: 407083253827871462

Title: Science Fiction Interfaces
Description: Science Fiction Interfaces
Link: https://sciencefictioninterfaces.tumblr.com/

[ 7 ] Pin Id: 407083253827871463

Title: Science Fiction Interfaces
Description: Science Fiction Interfaces
Link: https://sciencefictioninterfaces.tumblr.com/

[ 8 ] Pin Id: 407083253827871464

Title: Nothing phone (1) breaks the ice with transparent design and rear fingerprint sensor - Yanko Design
Description: Nothing phone (1) breaks the ice with transparent design and rear fingerprint sensor - Yanko Design
Link: https://www.yankodesign.com/2021/12/23/nothing-phone-1-breaks-the-ice-with-transparent-design-and-rear-fingerprint-sensor/

[ 9 ] Pin Id: 407083253827871466

Title: Nothing phone (1) breaks the ice with transparent design and rear fingerprint sensor - Yanko Design
Description: Nothing phone (1) breaks the ice with transparent design and rear fingerprint sensor - Yanko Design
Link: https://www.yankodesign.com/2021/12/23/nothing-phone-1-breaks-the-ice-with-transparent-design-and-rear-fingerprint-sensor/

[ 10 ] Pin Id: 407083253827871491

Title: Johannesburg: Keep the streets empty for me.
Link: https://www.behance.net/gallery/34329585/Johannesburg-Keep-the-streets-empty-for-me

[ 11 ] Pin Id: 407083253827871492

Title: flamingos | quintjuh
Link: https://vsco.co/quintjuh/media/5cc9771e2982ab2e493298b2?share=MTU1NjcwNzExNA%3D%3D

[ 12 ] Pin Id: 407083253827871493

Title: VSCO Selects | @sammysoju
Description: Share your perspective on VSCO using #VSCO for a chance to be featured. | #portrait #photography #water #reflection
Link: https://vsco.co/sammysoju/media/5de2e3852cc3c25a00daa6f7

[ 13 ] Pin Id: 407083253827872599

Title: Unfiltered 053
Description: Unfiltered 053 by Jeff Grandy -
Link: https://www.artfulhome.com/product/Color-Photograph-on-Aluminum/Unfiltered-053/76912?item_group_id=76912

[ 14 ] Pin Id: 407083253827872601

Title: Photo by Blake Silva on Unsplash
Description: flock of pink flamingo photo – Free Animal Image on Unsplash
Link: https://unsplash.com/photos/A7Yzb-fZNNc

[ 15 ] Pin Id: 407083253827873097

Title: : Photo
Description: ela
Link: https://llovinghome.tumblr.com/image/174199505142

[ 16 ] Pin Id: 407083253827873689

Title: Liberty ≫ Wyatt Oleff - t w o
Link: https://www.wattpad.com/510848681-liberty-%E2%89%AB-wyatt-oleff-t-w-o?utm_source=web&utm_medium=pinterest&utm_content=share_reading

[ 17 ] Pin Id: 407083253827874283

Title: Karol Hausman 💙💛 on Twitter
Description: Home / Twitter
Link: https://twitter.com/hausman_k/status/1511732395011194885/photo/1

[ 18 ] Pin Id: 407083253827874296

Title: Untitled
Link: https://www.flickr.com/photos/neonfear/7631971828

[ 19 ] Pin Id: 407083253827874327

Title: Lee Murrells
Link: http://leemurrells.blogspot.com/2012/07/phobias-here-are-first-shots-from-my.html?showComment=1342725334450

[ 20 ] Pin Id: 407083253827874332

Title: Image about pink in Background📱 by Alessiatr on We Heart It
Link: https://weheartit.com/entry/345040562

