Pinterest Downloader: Version 1.9

[ 1 ] Pin Id: 407083253827903192

Title: overview for atulvi
Description: atulvi (u/atulvi) - Reddit
Link: https://www.reddit.com/user/atulvi/

[ 2 ] Pin Id: 407083253827903561

Title: Isa on Twitter
Link: https://twitter.com/xxx_isa_xxxxx/status/1489300713989619723?s=12

[ 3 ] Pin Id: 407083253827903693

Title: Tumblr
Description: Tumblr is a place to express yourself, discover yourself, and bond over the stuff you love. It's where your interests connect you with your people.
Link: https://www.tumblr.com/dashboard

[ 4 ] Pin Id: 407083253827903814

Title: Today in Tokyo
Link: http://todayintokyo.tumblr.com/post/168624705856/1512px-%E3%81%AF%E3%81%AD%E3%81%A3%E3%81%A1-do-not-remove-credits

[ 5 ] Pin Id: 407083253827904474

Description: Olympus trip 35  Fuji color c200 Thailand

[ 6 ] Pin Id: 407083253827904475

Title: Japan In 35mm Film
Link: https://www.boredpanda.com/35mm-japan/

[ 7 ] Pin Id: 407083253827904476

Title: Atonement (2007)
Link: https://www.buzzfeed.com/eleanorbate/films-for-movie-lovers?utm_source=dynamic&utm_campaign=bfsharepinterest&sub=0_118718297

[ 8 ] Pin Id: 407083253827904479

Title: Why This Pro Photographer Ditched Digital for Film
Link: https://www.fieldmag.com/articles/why-switch-digital-to-film-photography-natalie-allen

[ 9 ] Pin Id: 407083253827904486

Title: 민서 MINSEO on Twitter
Link: https://twitter.com/kimtheminseo/status/1311977955208228864?s=12

[ 10 ] Pin Id: 407083253827904489

Description: Analogue

[ 11 ] Pin Id: 407083253827904491

Title: Where I Come From: Acres of Small Town Wonder
Link: https://darlingmagazine.org/where-i-come-from/

[ 12 ] Pin Id: 407083253827904496

Title: Vasjen Katro Photography
Description: Nostalgic analog photography by Vasjen Katro.
Link: https://weandthecolor.com/vasjen-katro-photography/96945

[ 13 ] Pin Id: 407083253827904500

Title: A radius of 1000m
Description: | FUJI COLOR 100 | instagram | Kunihito Miki Photography |
Link: http://kunihito-miki.tumblr.com/post/146871118958/

[ 14 ] Pin Id: 407083253827904510

Title: Tenderhearted Impressions of Mother Nature by Ida Meadow » Shoot It With Film
Link: https://shootitwithfilm.com/tenderhearted-impressions-of-mother-nature-by-ida-meadow/

[ 15 ] Pin Id: 407083253827904517

Title: Aesthetica Magazine - Aesthetica Creative Writing Award: Winners Announced
Link: https://www.aestheticamagazine.com/creative-writing-award-winners-announced/

[ 16 ] Pin Id: 407083253827904518

Title: 35mm Film Photography Fine Art Series by Josefina Bonavia » Shoot It With Film
Description: 35mm Film Photography Fine Art Series by Josefina Bonavia » Shoot It With Film
Link: https://shootitwithfilm.com/fine-art-series-by-josefina-bonavia/

[ 17 ] Pin Id: 407083253827905140

Title: #20848189
Link: http://www.lomography.com/photos/20848189

[ 18 ] Pin Id: 407083253827905141

Title: sea

[ 19 ] Pin Id: 407083253827905213

Title: Exit Strategy
Link: https://www.reddit.com/r/LiminalSpace/comments/n9lxoa/exit_strategy/?utm_medium=android_app&utm_source=share

[ 20 ] Pin Id: 407083253827909245

Title: Roses (FILM)
Link: https://www.flickr.com/photos/vanessaarellano/24538068482

[ 21 ] Pin Id: 407083253827910320

Title: Photos from Tokyo, Japan in various films - Film Based Traveler
Link: https://filmbasedtraveler.com/2018/10/06/photos-tokyo-japan-various-films/

[ 22 ] Pin Id: 407083253827912664

Title: bee on Twitter
Description: Home / Twitter
Link: https://twitter.com/bee_tk_/status/1513804872423927808/photo/1

