Pinterest Downloader: Version 1.9

[ 1 ] Pin Id: 407083253828553480

Title: Love it

[ 2 ] Pin Id: 407083253828565680

Description: Home / Twitter
Link: https://twitter.com/hisa0808/status/1543891124351569920/photo/1

[ 3 ] Pin Id: 407083253828593222

Title: Image about aesthetic in Borgin and Burkes by Twoj Gospodin
Description: Having a walk down the cliff, through the beach after sunset, during a dark autumn evening. I am free.
Link: https://weheartit.com/entry/348399984?context_type=user&context_username=NihanErsoy

[ 4 ] Pin Id: 407083253828598681

Title: wanna runaway with me?
Description: ✧･ﾟ:* all the pretty stars shine for you my love :･ﾟ*✧
Link: https://etherea1ity.tumblr.com/

[ 5 ] Pin Id: 407083253828608661

Title: 【NIKE公式】ISPA ドリフター 'Indigo' (DO6645-400 / DRIFTER ISPA JAPAN)
Description: 【NIKE公式】ISPA ドリフター 'Indigo' (DO6645-400 / DRIFTER ISPA JAPAN). Nike SNKRS JP
Link: https://www.nike.com/jp/launch/t/ispa-drifter-indigo

[ 6 ] Pin Id: 407083253828609125

Title: little grey fairy tales and little white lies
Link: https://misseydoux.tumblr.com/post/61195042230

[ 7 ] Pin Id: 407083253828609271

Description: Parra x Nike SB Dunk Low 'Abstract Art' 2021 - DH7695-600 - Novelship
Link: https://www.google.com/search?tbs=simg:CAQS9AEJytpt3FCYt2Ya6AELELCMpwgaOgo4CAQSFI8liSCwArcLmDylGs8iuyH4CNwhGhoJ6j36RSIg6fkptkoOZIEWHCFCTgAjepAyGSAFMAQMCxCOrv4IGgoKCAgBEgSSCX9cDAsQne3BCRqIAQocCglyb3VuZCB0b2XapYj2AwsKCS9hLzNwZ2RzNwoWCgRuaWtl2qWI9gMKCggvbS8wbHdraAoWCgNsb3fapYj2AwsKCS9hLzhrajloZAocCglmb3Igd29tZW7apYj2AwsKCS9hL2MwNnZiOQoaCgZ1bmlzZXjapYj2AwwKCi9tLzAycDE3YnAM&sxsrf=ALiCzsaetTxDHsKLhUkSHjesUGRN36E4kw:1657392502728&q=nike+dunk+tokyo+olympics&tbm=isch&sa=X&ved=2ahUKEwiejoObvOz4AhVPad4KHQfpAWIQ2A4oAXoECAEQNQ&biw=1920&bih=945&dpr=1

[ 8 ] Pin Id: 407083253828609288

Title: Where Have All the Monarch Butterflies Gone? - C&I Magazine
Description: The good news about the precipitous decline in the population of everyone’s favorite migrating butterflies? It’s not too late to reverse it.
Link: http://www.cowboysindians.com/2016/07/monarch-butterfiles/

[ 9 ] Pin Id: 407083253828631863

Title: naturey moments
Link: http://juliamstarr.tumblr.com/post/178549742476/wildflowers

[ 10 ] Pin Id: 407083253828633252

Description: Home / Twitter
Link: https://twitter.com/rogerkriphoto/status/1546740344280186881/photo/1

[ 11 ] Pin Id: 407083253828634641

Title: Tumblr
Description: Pure hellsite effervescence. Home of Reblogs. All the art you never knew you needed. Your new fandom communities. Add to it or scroll through and soak it up.
Link: https://www.tumblr.com/dashboard

[ 12 ] Pin Id: 407083253828639431

Title: Aberrant Beauty
Link: http://aberrantbeauty.tumblr.com/post/76911479110

[ 13 ] Pin Id: 407083253828647272

Title: broken hearts club
Link: https://vanish.tumblr.com/post/667514382644838400

[ 14 ] Pin Id: 407083253828647290

Title: Tumblr
Description: Pure hellsite effervescence. Home of Reblogs. All the art you never knew you needed. Your new fandom communities. Add to it or scroll through and soak it up.
Link: https://www.tumblr.com/dashboard

[ 15 ] Pin Id: 407083253828647456

Title: Tumblr
Description: Pure hellsite effervescence. Home of Reblogs. All the art you never knew you needed. Your new fandom communities. Add to it or scroll through and soak it up.
Link: https://www.tumblr.com/dashboard

[ 16 ] Pin Id: 407083253828647458

Title: Tumblr
Description: Pure hellsite effervescence. Home of Reblogs. All the art you never knew you needed. Your new fandom communities. Add to it or scroll through and soak it up.
Link: https://www.tumblr.com/likes

[ 17 ] Pin Id: 407083253828647459

Title: Tumblr
Description: Pure hellsite effervescence. Home of Reblogs. All the art you never knew you needed. Your new fandom communities. Add to it or scroll through and soak it up.
Link: https://www.tumblr.com/likes

[ 18 ] Pin Id: 407083253828647990

Title: Where to Stay in Japan's Fujikawaguchiko: Kozantei Ubuya, a Ryokan with Mt. Fuji Views — sunday spritz
Description: Where to Stay in Japan's Fujikawaguchiko: Kozantei Ubuya, a Ryokan with Mt. Fuji Views — THE SUNDAY SPRITZ
Link: https://sundayspritz.com/blog/kozantei-ubuya-review-mt-fuji-onsen-ryokan

