Pinterest Downloader: Version 1.9

[ 1 ] Pin Id: 407083253828059064

Title: Canon EOS-1V // FujiFilm X-Tra 400
Description: Canon EOS-1V // FujiFilm X-Tra 400 : analog
Link: https://www.reddit.com/r/analog/comments/jljsxj/canon_eos1v_fujifilm_xtra_400/?utm_source=share&utm_medium=ios_app&utm_name=iossmf&utm_term=link

[ 2 ] Pin Id: 407083253828059074

Title: Sea Ladder (Canon 50e, Kodak Gold 200)
Link: https://www.reddit.com/r/analog/comments/hms67v/sea_ladder_canon_50e_kodak_gold_200/?utm_medium=android_app&utm_source=share

[ 3 ] Pin Id: 407083253828070601

Title: Teejay on Instagram: “Brothers . . . . . #imaginarymagnitude #photocinematica #oftheafternoon #verybusymag #classicsmagazine #oldtonecollective #lensculture…”
Link: https://www.instagram.com/p/Cc5xfuSsW6h/?igshid=MDJmNzVkMjY=

[ 4 ] Pin Id: 407083253828070604

Title: Swatch Big Bold Jellyfish SO27E100
Link: https://swatch.ua/ru/swatch-big-bold-jellyfish-so27e100.html

[ 5 ] Pin Id: 407083253828070606

Title: Ghost in the Shell (1997) PlayStation box cover art - MobyGames
Link: https://www.mobygames.com/game/playstation/ghost-in-the-shell/cover-art/gameCoverId,82413/

[ 6 ] Pin Id: 407083253828073571

Title: Untitled
Link: https://www.flickr.com/photos/saxoknee/4976046482

[ 7 ] Pin Id: 407083253828073574

Title: Pentax 67 | Portra 400
Description: Pentax 67 | Portra 400 : analog
Link: https://www.reddit.com/r/analog/comments/fx8j3i/pentax_67_portra_400/?utm_source=share&utm_medium=ios_app&utm_name=iossmf&utm_term=link

[ 8 ] Pin Id: 407083253828073576

Title: IMG_0013
Link: https://www.flickr.com/photos/benemrich/21845477634/in/photolist-zhpMq7-b7mtCD-VWjxQQ-WjZAd6-WjZzr6-VWjwdm-VWjxb3-WjZzRz-Vi4q2i-2enA9e5-6v9zyF-SdSXoA-SgvhBa-RdBP3B-AfpFRT-RdBYSM-RdBQfX-RSUfqY-SgvwCM-RdBSkZ-RSUMuG-SdSVwE-Sp2gj3-Sp2Cbd-RSUQ5G

[ 9 ] Pin Id: 407083253828087616

Title: History Defined on Twitter
Description: Home / Twitter
Link: https://twitter.com/historydefined/status/1521655665588150274/photo/1

[ 10 ] Pin Id: 407083253828089622

Title: Photos of a gentle Korean summer with Min Hyun-woo - i-D
Description: Photos of a gentle Korean summer with Min Hyun-woo - i-D
Link: https://i-d.vice.com/amp/en_uk/article/dygegk/gentle-korean-summer-min-hyun-woo

[ 11 ] Pin Id: 407083253828089623

Title: 三谷ユカリ-『幻想花世界』発売中 on Twitter
Link: https://twitter.com/mitsuyuka_lp/status/1288406311361589249/photo/1

[ 12 ] Pin Id: 407083253828089632

Title: Gabriel Flores
Link: http://gabrielrobertflores.tumblr.com/

[ 13 ] Pin Id: 407083253828089641

Title: 三河湾を臨む
Link: https://www.flickr.com/photos/hisafoto/50521221458

[ 14 ] Pin Id: 407083253828089661

Title: Search Projects
Description: Search Projects | Photos, videos, logos, illustrations and branding on Behance
Link: https://www.behance.net/search

[ 15 ] Pin Id: 407083253828091051

Title: 10
Description: New post on zyu10
Link: http://zyu10.tumblr.com/post/166391836981/kudamatsu-japan-2017

[ 16 ] Pin Id: 407083253828091066

Title: Summer Days on Jackson Lake (Mamiya RB67, 90mm, Portra 400)
Link: https://www.reddit.com/r/analog/comments/94lvv1/summer_days_on_jackson_lake_mamiya_rb67_90mm/?utm_source=share&utm_medium=ios_app&utm_name=iossmf

[ 17 ] Pin Id: 407083253828091190

Title: The Lonely Tree Pt. 2 [Hasselblad 500CM, 80mm f/2.8, Fuji 400H]
Link: https://www.reddit.com/r/analog/comments/erfv4d/the_lonely_tree_pt_2_hasselblad_500cm_80mm_f28/?utm_source=share&utm_medium=ios_app&utm_name=iossmf

[ 18 ] Pin Id: 407083253828091192

Title: Plantes exotiques on Twitter
Link: https://twitter.com/Palmier28/status/638974796978589696/photo/1

[ 19 ] Pin Id: 407083253828091194

Title: 5 Frames with the Bronica SQ-A, my first (working) medium format camera - By Lukas Walter
Link: https://www.35mmc.com/15/10/2019/5-frames-with-the-bronica-sq-a-my-first-working-medium-format-camera-by-lukas-walter/

[ 20 ] Pin Id: 407083253828095760

Title: Trolltunga, Norway
Link: https://www.flickr.com/photos/rebekahzxz/26384394685

