Pinterest Downloader: Version 1.9

[ 1 ] Pin Id: 407083253827917356

Link: https://www.google.com/search?q=national+geographic+monk+snow&tbm=isch&ved=2ahUKEwiwpfTy9I_3AhUSKqYKHVndBJgQ2-cCegQIABAA&oq=national+geographic+monk+snow&gs_lcp=CgNpbWcQAzoHCCMQ7wMQJzoFCAAQgAQ6BggAEAUQHjoGCAAQCBAeUNkCWIUaYM8baARwAHgAgAFuiAGBB5IBAzcuM5gBAKABAaoBC2d3cy13aXotaW1nwAEB&sclient=img&ei=ySpWYvCcDpLUmAXZupPACQ&bih=950&biw=1920

[ 2 ] Pin Id: 407083253827917926

Title: Untitled
Link: https://www.flickr.com/photos/codybond/5337122110

[ 3 ] Pin Id: 407083253827918122

Title: Contax G1 45mm 2.0 and cinestill 800t
Description: Contax G1 45mm 2.0 and cinestill 800t : analog
Link: https://www.reddit.com/r/analog/comments/p2htpp/contax_g1_45mm_20_and_cinestill_800t/?$deep_link=true&correlation_id=4f5e23c0-dfbc-4e55-9f3f-68999171e4ff&post_fullname=t3_p2htpp&post_index=1&ref=email_digest&ref_campaign=email_digest&ref_source=email&utm_content=post_title&$3p=e_as&_branch_match_id=875697552062046110&utm_medium=Email%20Amazon%20SES

[ 4 ] Pin Id: 407083253827918126

Title: Untitled
Link: https://www.flickr.com/photos/patrickjoust/45034727522

[ 5 ] Pin Id: 407083253827918127

Title: Arakis | Hasselblad 500cm | Cinestill 800T
Link: https://www.reddit.com/r/analog/comments/qr6ckw/arakis_hasselblad_500cm_cinestill_800t/

[ 6 ] Pin Id: 407083253827918130

Title: Summers at home [Olympus Mju II | Kodak Gold 200]
Link: https://www.reddit.com/r/analog/comments/p1qyxs/summers_at_home_olympus_mju_ii_kodak_gold_200/

[ 7 ] Pin Id: 407083253827918133

Title: Making dumplings in the window (Hasselblad 500c, 80mm 2.8, Cinestill 800t)
Description: Making dumplings in the window (Hasselblad 500c, 80mm 2.8, Cinestill 800t)
Link: https://www.reddit.com/r/analog/comments/71rwug/making_dumplings_in_the_window_hasselblad_500c/

[ 8 ] Pin Id: 407083253827918181

Title: Bell - Olympus MJU 1 - Kodak Pro Image 100
Link: https://www.reddit.com/r/analog/comments/l81civ/bell_olympus_mju_1_kodak_pro_image_100/

[ 9 ] Pin Id: 407083253827918224

Title: Tokyo Train on Cinestill800T (Mamiya RB67 - Sekor 90mm) let me know what you think
Description: Tokyo Train on Cinestill800T (Mamiya RB67 - Sekor 90mm) let me know what you think : analog
Link: https://www.reddit.com/r/analog/comments/ql0yrc/tokyo_train_on_cinestill800t_mamiya_rb67_sekor/

[ 10 ] Pin Id: 407083253827918226

Title: Life in the jet age [Nikon FM2 + Portra 400 + 28mm F2.8]
Link: https://www.reddit.com/r/analog/comments/ggkxrm/life_in_the_jet_age_nikon_fm2_portra_400_28mm_f28/?utm_source=share&utm_medium=ios_app&utm_name=iossmf

[ 11 ] Pin Id: 407083253827918547

Title: seattle // Pentax 645n, Pentax SMC 645 75mm f/2.8 FA, Lomography Color Negative 800
Link: https://www.reddit.com/r/analog/comments/fo46jb/seattle_pentax_645n_pentax_smc_645_75mm_f28_fa/?utm_source=share&utm_medium=ios_app&utm_name=iossmf

[ 12 ] Pin Id: 407083253827918549

Title: FIND Faves: November
Description: Andrew Janjigian | Portra 400 | Mamiya RZ67
Link: https://thefindlab.com/2018/12/11/find-faves-november-2/

[ 13 ] Pin Id: 407083253827918551

Title: Zhooey'Tumblr
Link: http://zhooey.tumblr.com/

[ 14 ] Pin Id: 407083253827918555

Title: Sleepy Hollow Farm | Pentax 6x7 | Portra 160
Link: https://www.reddit.com/r/analog/comments/dj7dei/sleepy_hollow_farm_pentax_6x7_portra_160/

[ 15 ] Pin Id: 407083253827918593

Title: Gallery of Photographer Captures the Social and Physical Transformations of Shanghai  - 11
Link: https://www.archdaily.com/921282/photographer-captures-the-social-and-physical-transformations-of-shanghai/5d2eb733284dd1118700000e-photographer-captures-the-social-and-physical-transformations-of-shanghai-photo

[ 16 ] Pin Id: 407083253827918596

Title: HONG-KONG / 香港
Description: #filmphotography #35mm
Link: https://www.behance.net/gallery/103214799/HONG-KONG-

[ 17 ] Pin Id: 407083253827918662

Title: Bone beach (FujiGW670ii, Portra 160vc)
Link: https://www.reddit.com/r/filmphotography/comments/drak5h/bone_beach_fujigw670ii_portra_160vc/

[ 18 ] Pin Id: 407083253827918708

Title: Goldfish [Canon AE1-P, Cinestill 800T]
Link: https://www.reddit.com/r/analog/comments/bgfkdr/goldfish_canon_ae1p_cinestill_800t/?utm_source=share&utm_medium=ios_app

[ 19 ] Pin Id: 407083253827918711

Title: Goldfish [Canon AE1-P, Cinestill 800T]
Description: Warmth [Cinestill 800t, Minolta x-700, Minolta MD 24mm 2.8] : analog
Link: https://www.reddit.com/r/analog/comments/bgfkdr/goldfish_canon_ae1p_cinestill_800t/

[ 20 ] Pin Id: 407083253827918870

Title: Canon FX | Canon lens 35-70mm | Kodak Ultramax 400
Description: Canon FX | Canon lens 35-70mm | Kodak Ultramax 400 : analog
Link: https://www.reddit.com/r/analog/comments/kqx8my/canon_fx_canon_lens_3570mm_kodak_ultramax_400/

