Pinterest Downloader: Version 1.9

[ 1 ] Pin Id: 407083253828785492

Title: Analog Forever Magazine on Instagram: "Photo of the Day: "Pathway" by Tomas Kujundzic - Photographed on a Canon AE-1 Program + Kodak Ultramax 400 film! Follow them now to see more of their analog photography at @pigeon_express! #analogfeatures #filmphoto #analoguevibes #theanalogueproject #filmphotographic #istillshootfilm #filmisalive #analogforever #filmphotography #filmisnotdead #ishootfilm #analog #believeinfilm #filmcamera #filmfeed #film #filmcommunity #thefilmcommunity #staybrokeshootfilm #analogphotography #shootfilm #analogue #buyfilmnotmegapixels #keepfilmalive"
Link: https://www.instagram.com/p/CfRPa-Ygzfg/?igshid=MDJmNzVkMjY=

[ 2 ] Pin Id: 407083253828793756

Title: Andrew Kudless on Instagram: "Interior studies for the Dripping Springs House. Lots of interesting developments today. First, I want to be clear about how I’m using this tool. For the past few weeks, I’ve been experimenting and trying to understand what it means to my teaching and professional practice to collaborate with an AI in the production of architectural images. I call them sketches as that’s how I use them: to think through an idea prior to (or often in parallel to) the hard work of making that idea a reality.  One of the things I’m most excited about is the user experience. Like most designers and artists, ideas come at me at the weirdest times. Just today: waiting at the car mechanic, waiting to pick up my kid from camp, laying in bed half asleep. I typically try to carry a notebook to write down the ideas but for the last few weeks I’ve just been typing them into Midjourney. I go about my day, and every so often see what it has produced. I rewrite the prompt and making selections and go back to work. Having an AI dream up images while I’m working on other things has been an excellent way to multitask and allow the ideas, words, and images to brew in my subconscious.  Second, today was the first day I began to experiment with prompt weighting. This is equivalent to vocal tone or emphasis when speaking. By setting weights to different parts of your prompt, you can fine tune how the AI interprets different sections of the prompt. It’s striking how powerful this has been in helping me gain a finer level of control.  Third, I’ve begun to notice. Issues with regional words in how the dataset has been trained. The AI has no idea what to do with common tree species in the region. This doesn’t matter too much for these sketches, but I found it amusing that back when I was doing a lot of renderings for clients, tree species were always a problem. Endless photoshopping. Now the problem is different: how do you describe a tree to an AI so it will understand?"
Link: https://www.instagram.com/p/CgdjQP1u78Y/?igshid=MDJmNzVkMjY=

[ 3 ] Pin Id: 407083253828802982

Title: Film Tweakers on Instagram: "📸: @kodaknic  • // use #filmtweakers to be featured  • // chosen by @jerowjpgs • // #35mmfilm #filmwave #filmisbetter #staybrokeshootfilm #madewithkodak #everybodyfilm #35mmfilmphotography #believeinfilm #kodaklosers #the35mmdiary #sharefilm #filmdiscovered #drivebyfilm #ishootfilm #filmisnotdead #filmcamera  #thefilmgang #keepfilmalive #thefilmcommunity #theanalogclub #longlivefilm #afilmcosmos #analogshooter #filmphotographic #filmneverdies #shootfilmmag #burbsonfilm"
Link: https://www.instagram.com/p/CgfYoZ9PHQo/?igshid=MDJmNzVkMjY=

[ 4 ] Pin Id: 407083253828803279

Description: Home / Twitter
Link: https://twitter.com/pppollen/status/1554080099611320321/photo/1

[ 5 ] Pin Id: 407083253828803471

Title: GENERAL OFFICE STUDIO
Description: generalofficestudio on Tumblr
Link: https://generalofficestudio.tumblr.com/

[ 6 ] Pin Id: 407083253828803500

Title: Tumblr
Description: Pure hellsite effervescence. Home of Reblogs. All the art you never knew you needed. Your new fandom communities. Add to it or scroll through and soak it up.
Link: https://www.tumblr.com/dashboard

[ 7 ] Pin Id: 407083253828803914

Title: Image about aesthetic in like by r on We Heart It
Link: https://weheartit.com/entry/192477762

[ 8 ] Pin Id: 407083253828811017

Title: Ponyo
Link: https://www.behance.net/gallery/68977779/Ponyo

[ 9 ] Pin Id: 407083253828811018

Title: {　　　}
Link: http://kemukujara.tumblr.com/post/54757774827

[ 10 ] Pin Id: 407083253828820782

Title: SearchSystem™
Description: SearchSystem™
Link: https://www.searchsystem.co/post/690366735090630656/lundgren-lindqvist-valand-academy-next-to-the

[ 11 ] Pin Id: 407083253828863914

Description: Home / Twitter
Link: https://twitter.com/archillect/status/1556596503489253376/photo/1

[ 12 ] Pin Id: 407083253828889225

Title: Sketchbook: a year in Jerusalem
Link: https://www.behance.net/gallery/16015881/Sketchbook-a-year-in-Jerusalem

