Pinterest Downloader: Version 1.9

[ 1 ] Pin Id: 407083253828191388

Title: Tumblr
Description: Pure hellsite effervescence. Home of Reblogs. All the art you never knew you needed. Your new fandom communities. Add to it or scroll through and soak it up.
Link: https://www.tumblr.com/dashboard

[ 2 ] Pin Id: 407083253828191499

Title: Photo by Taiki Ishikawa on Unsplash
Description: Free Street photography Image on Unsplash
Link: https://unsplash.com/photos/7_MPk44aQMU

[ 3 ] Pin Id: 407083253828198750

Description: Latest Tweets / Twitter
Link: https://twitter.com/cram_box/status/1526859293672509440/photo/1

[ 4 ] Pin Id: 407083253828198936

Title: CineStill 800T Pentax 645n
Link: https://www.reddit.com/r/analog/comments/io4pw0/cinestill_800t_pentax_645n/?utm_source=share&utm_medium=ios_app&utm_name=iossmf&utm_term=link

[ 5 ] Pin Id: 407083253828199203

Title: The Windows 95 is turning 25 today, and I would like to share this emulator with you.
Link: https://www.reddit.com/r/InternetIsBeautiful/comments/ifyxuq/the_windows_95_is_turning_25_today_and_i_would/?utm_source=ifttt

[ 6 ] Pin Id: 407083253828199205

Title: Taipei Photography: 63 Images to Inspire You to Visit Taiwan's Capital
Description: Taipei has to be one of the best cities in Asia for street photography. This gallery of Taipei photography – including my favourite city, night market, and day trip shots – will inspire you to start planning your own trip to Taiwan!
Link: https://wander-lush.org/taipei-photography/

[ 7 ] Pin Id: 407083253828199207

Title: Taiwan's night markets - a photo essay - CK Travels
Description: Taiwan’s night markets – a photo essay
Link: https://www.cktravels.com/taiwan-night-markets-photo-essay/

[ 8 ] Pin Id: 407083253828206058

Title: Mir Space Station in Orbit Taken From Space Shuttle STS-86 Photo Print for Sale
Description: Mir Space Station in Orbit Taken From Space Shuttle STS-86 Photo Print for Sale
Link: http://www.mcmahanphoto.com/ns304.html

[ 9 ] Pin Id: 407083253828206064

Title: our love
Link: https://www.flickr.com/photos/nevara-sk/16592082009/in/faves-33770773@N08/

[ 10 ] Pin Id: 407083253828206079

Title: Odenplan | Hasselblad 500CM | Cinestill 800T
Description: (1) Odenplan | Hasselblad 500CM | Cinestill 800T : filmphotography
Link: https://www.reddit.com/r/filmphotography/comments/j04atu/odenplan_hasselblad_500cm_cinestill_800t/

[ 11 ] Pin Id: 407083253828206084

Title: Our Favourite Photography Finds: Photogasm ‘Inner Peace’
Description: Our Favourite Photography Finds: Photogasm ‘Inner Peace’ – Beautiful Bizarre Magazine
Link: https://beautifulbizarre.net/2020/04/03/favourite-photography/

[ 12 ] Pin Id: 407083253828206091

Description: Lollapalooza 2016. Shot on 35mm Cinestill 800T and Canon AE-1. by Blake Pleasant on 500px
Link: https://500px.com/photo/166809141/lollapalooza-2016-shot-on-35mm-cinestill-800t-and-canon-ae-1-by-blake-pleasant

[ 13 ] Pin Id: 407083253828206105

Title: joe greer on Twitter
Link: https://twitter.com/ioegreer/status/1278353041658429440/photo/4

[ 14 ] Pin Id: 407083253828207147

Description: Atul Vinayak (@atulvinayak) / Twitter
Link: https://twitter.com/atulvinayak/status/1466805785368100866/photo/1

[ 15 ] Pin Id: 407083253828207580

Title: joe greer on Twitter
Link: https://twitter.com/ioegreer/status/1058359348055949312

[ 16 ] Pin Id: 407083253828207642

Title: International Space Station Above Earth (NASA, International Space Station)
Description: International Space Station Above Earth and the shuttle performed their relative separation in the early hours of July 19, 2011.
Link: https://www.flickr.com/photos/nasamarshall/9070896398/

[ 17 ] Pin Id: 407083253828207648

Title: Northrop Grumman's Cygnus space freighter approaches the International Space Station
Link: https://www.flickr.com/photos/nasa2explore/44160818460

[ 18 ] Pin Id: 407083253828214608

Title: شيبز on Tumblr
Link: https://www.tumblr.com/blog/emergentphenomena

[ 19 ] Pin Id: 407083253828214610

Link: https://twitter.com/tairiku_travel/status/1374135504468250624/photo/3

[ 20 ] Pin Id: 407083253828221455

Description: Remembering the first 'photo' of a black hole | Engadget
Link: https://www.google.com/search?q=black+hole+render+lumnet&tbm=isch&ved=2ahUKEwjr5Zux9O_3AhVI-5QKHTDDAy4Q2-cCegQIABAA&oq=black+hole+render+lumnet&gs_lcp=CgNpbWcQAzoFCAAQgAQ6BggAEB4QBToECAAQHlDAFFjHI2C0JWgAcAB4AIABhQOIAf4JkgEHMi40LjEuMZgBAKABAaoBC2d3cy13aXotaW1nwAEB&sclient=img&ei=Jn-IYuu6Fcj20wSwho_wAg&bih=950&biw=1920

[ 21 ] Pin Id: 407083253828221461

Title: Hasselblad’s History in Space
Description: The crew’s view of the moon from the Lunar Module. Worth noting is that they switched to the two Lunar Module Hasselblads (note the hash marks on the film) that were supposed to be used and discarded on the moon.
Link: http://gearpatrol.com/2015/03/20/hasselblads-history-in-space/

[ 22 ] Pin Id: 407083253828221467

Title: 26 HQ Photos by Rosetta and Philae
Link: http://twistedsifter.com/2014/11/hq-photos-by-rosetta-and-philae/

[ 23 ] Pin Id: 407083253828221503

Description: Adam Ekberg: Interrupting the Elements — Humble Arts Foundation
Link: https://www.google.com/search?q=Adam+Ekberg&sxsrf=ALiCzsZEHTu5wuZZa2E1BP3hjN0kOEVs0A:1653112937109&tbm=isch&source=iu&ictx=1&vet=1&fir=v3gq8tczspHxKM%252COsXG0biKB_JCbM%252C_%253BQ9Jk7L3xd77scM%252C5G-z2PpmUkn-mM%252C_%253BLcI-PWkKr8vUPM%252CjrH9A6WmrVB6RM%252C_%253BBAvnaEWDfcnaKM%252CFKzDV6t7qgDXgM%252C_%253BUeS6or3vYyU0jM%252CbXle9HTD09iVlM%252C_%253BfcAz8ijkaCkP_M%252Czd1EMyvcP0uceM%252C_%253Bfk9cJA67_LHRYM%252Cp0fkt1QXAGAWhM%252C_%253BhcoabzwBsMESZM%252Cp0fkt1QXAGAWhM%252C_%253Bk831r5z2yJozDM%252CMb8tba77Dci-4M%252C_%253Bg03RQq8kCsj24M%252C5G-z2PpmUkn-mM%252C_&usg=AI4_-kQmDNU0EoTjau303QD-ErZdYWPXFg&sa=X&ved=2ahUKEwjy_47L9e_3AhXCc94KHURZBLQQ9QF6BAgGEAE

[ 24 ] Pin Id: 407083253828221527

Title: Taigagameing sent you a Pin!
Description: Tokyo Wallpaper 4K Iphone Gallery | 東京タワー, 夜景 壁紙, 東京 風景
Link: https://pin.it/4sXeL9E

[ 25 ] Pin Id: 407083253828221552

Title: minimalism | Tumblr
Description: Pure hellsite effervescence. Home of Reblogs. All the art you never knew you needed. Your new fandom communities. Add to it or scroll through and soak it up.
Link: https://www.tumblr.com/search/minimalism

[ 26 ] Pin Id: 407083253828221565

Title: Aesthetics of the Everyday on Tumblr
Description: Pure hellsite effervescence. Home of Reblogs. All the art you never knew you needed. Your new fandom communities. Add to it or scroll through and soak it up.
Link: https://www.tumblr.com/blog/view/aestheticsof

[ 27 ] Pin Id: 407083253828221641

Title: Recommended for you on Tumblr
Description: These up-to-date topics are curated just for you. The more you engage with content on Tumblr, the more exciting your personalized recommendations will feel.
Link: https://www.tumblr.com/explore/recommended-for-you

[ 28 ] Pin Id: 407083253828221680

Title: Samantha Cristoforetti on Twitter
Description: Tweets liked by Atul Vinayak (@atulvinayak) / Twitter
Link: https://twitter.com/astrosamantha/status/1527586694173794304/photo/1

[ 29 ] Pin Id: 407083253828221687

Description: Tweets liked by Atul Vinayak (@atulvinayak) / Twitter
Link: https://twitter.com/bitsofsaturn/status/1524944283727446017/photo/1

[ 30 ] Pin Id: 407083253828221697

Description: Tweets liked by Atul Vinayak (@atulvinayak) / Twitter
Link: https://twitter.com/huttaburger/status/1521153513560195072/photo/1

[ 31 ] Pin Id: 407083253828221720

Title: 厨房 (kitchen)
Link: https://www.flickr.com/photos/k_wako/23523930365

[ 32 ] Pin Id: 407083253828221764

Title: MIR, the ISS, Tiangong, the LOP-G... What's your favorite former, current or future space station ?
Link: https://www.fromspacewithlove.com/space-station/

[ 33 ] Pin Id: 407083253828221799

Title: Landscapes [2018-C]
Description: Roche Jaune
Link: https://www.behance.net/gallery/95112161/Landscapes-2018-C

[ 34 ] Pin Id: 407083253828222092

Title: glitch_art: dedicated to the art of databending • r/glitch_art
Description: The type of colors that are being used here are the type I'd like to work with, light blues and dark pink/orange
Link: https://www.reddit.com/r/glitch_art/

[ 35 ] Pin Id: 407083253828222129

Title: Zion National Park [Pentax K1000, Kodak colorplus ]
Link: https://www.reddit.com/r/analog/comments/jjakmc/zion_national_park_pentax_k1000_kodak_colorplus/

[ 36 ] Pin Id: 407083253828223020

Title: Cait — Havner
Link: https://www.havner.co/portfolio/cait?itemId=em2vw2b0kx4qm2uciy6648v2lk9b0w

