Pinterest Downloader: Version 1.9

[ 1 ] Pin Id: 407083253828190881

Title: LARS 彡
Link: https://larshuebner.tumblr.com/post/139284383585

[ 2 ] Pin Id: 407083253828190884

Title: WOWGREAT
Link: http://wowgreat.tumblr.com/post/68043133107/heathwest-ryan-foerster-hurricane-julie-blue

[ 3 ] Pin Id: 407083253828190891

Title: A History of American Space Stations in Pictures
Link: http://www.popularmechanics.com/space/g2266/a-history-of-american-space-stations/

[ 4 ] Pin Id: 407083253828190895

Title: エスカレーター (escalator)
Link: https://www.flickr.com/photos/k_wako/36779243802

[ 5 ] Pin Id: 407083253828190896

Title: Nostalgic photographs that capture Hong Kong in its prime in the 1970s and '80s
Description: Nostalgic photographs that capture Hong Kong in its prime in the 1970s and '80s | Creative Boom
Link: https://www.creativeboom.com/inspiration/nostalgic-photographs-that-capture-hong-kong-in-its-prime-in-the-1970s-and-80s/

[ 6 ] Pin Id: 407083253828191061

Title: March 18: 17-Year Old American Discerns Mir Launch before Soviets Announce |  This Day in History
Link: http://www.computerhistory.org/tdih/march/18/#17-year-old-american-discerns-mir-launch-before-soviets-announce

