Pinterest Downloader: Version 1.9

[ 1 ] Pin Id: 407083253828121443

Title: 当たり前の日常を、大切なものだと思い出すために。コハラタケル | 写真家の機材 | ヒーコ | あたらしい写真の楽しみを発見し、発信する。
Description: 当たり前の日常を、大切なものだと思い出すために。コハラタケル | 写真家の機材 | ヒーコ | あたらしい写真の楽しみを発見し、発信する。
Link: https://xico.media/columns/takerukohara/

[ 2 ] Pin Id: 407083253828121449

Description: ✿ Follow Pinterest : Lê Đặng Thục Hân

[ 3 ] Pin Id: 407083253828121450

Title: Kenji Okabe Photography
Description: 岡部健二、写真。
Link: http://kenjiokabe.com/

[ 4 ] Pin Id: 407083253828121451

Title: コハラタケル on Twitter
Description: コハラタケル on Twitter: "葵… "
Link: https://twitter.com/takerukohara/status/1325743736450502658?s=12

[ 5 ] Pin Id: 407083253828125768

Title: Take me on a trip a long, long time ago!
Link: http://indypendenthistory.tumblr.com/page/118

[ 6 ] Pin Id: 407083253828125777

Title: old windows icons
Description: old windows icons - posts tagged 'games'
Link: https://oldwindowsicons.tumblr.com/tagged/games

[ 7 ] Pin Id: 407083253828125782

Title: old windows icons
Link: https://oldwindowsicons.tumblr.com/

[ 8 ] Pin Id: 407083253828125784

Title: old windows icons: Archive
Link: https://oldwindowsicons.tumblr.com/archive

[ 9 ] Pin Id: 407083253828125787

Title: old windows icons
Link: https://oldwindowsicons.tumblr.com/post/654458293491843072/visualboyadvance?is_related_post=1

[ 10 ] Pin Id: 407083253828125788

Title: old windows icons
Link: https://oldwindowsicons.tumblr.com/post/651560641420754944/internet-connection-wizard

[ 11 ] Pin Id: 407083253828125789

Title: old windows icons
Link: https://oldwindowsicons.tumblr.com/

[ 12 ] Pin Id: 407083253828126267

Title: SearchSystem™
Description: SearchSystem™
Link: https://www.searchsystem.co/post/680673864473362432/farrow-deutsche-grammophon-max-richter-the

[ 13 ] Pin Id: 407083253828126273

Title: SearchSystem™
Description: SearchSystem™
Link: https://www.searchsystem.co/post/612766643269091328/neubau-nb-detroit-underground-du-du181

[ 14 ] Pin Id: 407083253828126278

Description: SearchSystem™
Link: https://www.searchsystem.co/post/181554049477/kurppa-hosk-kh-soundation-business-card

[ 15 ] Pin Id: 407083253828126282

Description: SearchSystem™
Link: https://www.searchsystem.co/post/170463820322/author-client-title-medium-year

[ 16 ] Pin Id: 407083253828126288

Title: SearchSystem™
Description: SearchSystem™
Link: https://www.searchsystem.co/post/166471398520/farrow-dedicated-spiritualized-ladies-and

[ 17 ] Pin Id: 407083253828126341

Title: Photo Filmy on Instagram: “Pauline Barré and Mickael Samama are @uncercle, photographers travelling and making beautiful memories on film. The first two here are from…”
Link: https://www.instagram.com/p/CdQ2Ze0K0XY/?igshid=MDJmNzVkMjY=

[ 18 ] Pin Id: 407083253828126342

Title: Shoot It With Film on Instagram: “Not sure which film cameras you should take on your next trip? Today on Shoot It With Film, @splendidmusings shares her three must-have…”
Link: https://www.instagram.com/p/CdOO-GWuO-c/?igshid=MDJmNzVkMjY=

