Pinterest Downloader: Version 1.9

[ 1 ] Pin Id: 407083253828450957

Description: Home / Twitter
Link: https://twitter.com/zachlieberman/status/1538480322094018560/photo/1

[ 2 ] Pin Id: 407083253828458335

Description: Home / Twitter
Link: https://twitter.com/archillect/status/1538802151199219714/photo/1

[ 3 ] Pin Id: 407083253828458399

Description: Pin by Javy on Evangelion manga panels | Evangelion, Neon genesis evangelion, Manga
Link: https://www.google.com/search?q=evangelion+manga&sxsrf=ALiCzsbzy0BLJmIbkdfE0RlfSE0S7wvX8w:1655723791722&source=lnms&tbm=isch&sa=X&ved=2ahUKEwjznM7j87v4AhUJxpQKHXbxCEMQ_AUoAXoECAIQAw&biw=1920&bih=945&dpr=1

[ 4 ] Pin Id: 407083253828458403

Link: https://www.google.com/search?q=evangelion+manga&sxsrf=ALiCzsbzy0BLJmIbkdfE0RlfSE0S7wvX8w:1655723791722&source=lnms&tbm=isch&sa=X&ved=2ahUKEwjznM7j87v4AhUJxpQKHXbxCEMQ_AUoAXoECAIQAw&biw=1920&bih=945&dpr=1

[ 5 ] Pin Id: 407083253828482066

Title: Archillect on Twitter
Description: Home / Twitter
Link: https://twitter.com/archillect/status/1539390314074583040/photo/1

[ 6 ] Pin Id: 407083253828482070

Title: Archillect on Twitter
Description: Archillect (@archillect) / Twitter
Link: https://twitter.com/archillect/status/1539957023147712515/photo/1

[ 7 ] Pin Id: 407083253828482078

Description: Archillect (@archillect) / Twitter
Link: https://twitter.com/archillect/status/1539745938184577025/photo/1

[ 8 ] Pin Id: 407083253828482082

Title: Archillect on Twitter
Description: Archillect (@archillect) / Twitter
Link: https://twitter.com/archillect/status/1539481427942772736/photo/1

[ 9 ] Pin Id: 407083253828489137

Description: Home / Twitter
Link: https://twitter.com/satoshi_aizawa/status/1539959106542661632/photo/1

[ 10 ] Pin Id: 407083253828489148

Title: Espen Sætervik on Twitter
Description: Home / Twitter
Link: https://twitter.com/gazedsoul/status/1540014922339434496/photo/2

[ 11 ] Pin Id: 407083253828495471

Title: Michael K. on Instagram: “portrait of a boy in the fields  Pentax67ii | 105mm | ND grad filter | Kodak Portra 400 . . . #pentax67 #pentax67ii #6x7film #backtothebase…”
Link: https://www.instagram.com/p/CeX4wv-o1GK/?igshid=MDJmNzVkMjY=

[ 12 ] Pin Id: 407083253828496458

Title: The Intricate Organic Artwork of Liza Sylvestre
Link: https://design-milk.com/intricate-organic-artwork-liza-sylvestre/?utm_source=dlvr.it&utm_medium=linkedincompanies

[ 13 ] Pin Id: 407083253828496597

Title: 何
Link: https://www.instagram.com/p/CQ6i3OuLCqh/?utm_medium=copy_link

