Pinterest Downloader: Version 1.9

[ 1 ] Pin Id: 407083253827857078

Description: Tweets liked by Atul Vinayak (@atulvinayak) / Twitter
Link: https://twitter.com/artistturner/status/1509179561405292550/photo/1

[ 2 ] Pin Id: 407083253827857258

Title: 2:06 A.M
Link: https://raypoetryandlifestyle.wordpress.com/2020/11/18/206-a-m/

[ 3 ] Pin Id: 407083253827857643

Title: no:se
Description: no:se on Behance
Link: https://www.behance.net/gallery/62182807/nose

[ 4 ] Pin Id: 407083253827857699

Description: Fix the MBR – Guide for Windows 10, 11, XP, Vista, 7, 8
Link: https://www.google.com/search?q=american+megatrends+bios&tbm=isch&ved=2ahUKEwipqZfBpv_2AhWNNZQKHcs8AjUQ2-cCegQIABAA&oq=american+&gs_lcp=CgNpbWcQARgAMgQIABBDMgUIABCABDIECAAQQzIECAAQQzIFCAAQgAQyBAgAEEMyBAgAEEMyBAgAEEMyBAgAEEMyBAgAEEM6BwgjEO8DECdQ5QhYgxJg6RhoAHAAeACAAYEBiAGMCJIBAzQuNpgBAKABAaoBC2d3cy13aXotaW1nwAEB&sclient=img&ei=G3VNYumvCo3r0ATL-YioAw&bih=950&biw=1920

[ 5 ] Pin Id: 407083253827861907

Title: C:\>_
Link: http://ms-dos5.tumblr.com/post/79447646680

[ 6 ] Pin Id: 407083253827869814

Title: Microsoft Solitaire Screenshots for Windows 3.x - MobyGames
Link: http://www.mobygames.com/game/win3x/microsoft-solitaire/screenshots/gameShotId,226908/

