Pinterest Downloader: Version 1.9

[ 1 ] Pin Id: 407083253828649825

Title: Surreal Potraits By Ben Zank - IGNANT
Link: https://www.ignant.com/2017/08/17/surreal-potraits-by-ben-zank/

[ 2 ] Pin Id: 407083253828656946

Link: https://www.stocksy.com/?utm_source=promotion&utm_medium=banner&utm_campaign=gdusa_marapr2017

[ 3 ] Pin Id: 407083253828657699

Description: Home / Twitter
Link: https://twitter.com/neee_eeed/status/1547962147694465028/photo/1

[ 4 ] Pin Id: 407083253828658184

Title: SearchSystem™
Description: SearchSystem™
Link: https://www.searchsystem.co/post/686380487743324160/kanon-foundry-hedvig-hedvig-small-letters

[ 5 ] Pin Id: 407083253828658230

Title: SearchSystem™
Description: SearchSystem™
Link: https://www.searchsystem.co/post/679556595712212992/muirmcneil-mmcn-untitled-graphics-2022

[ 6 ] Pin Id: 407083253828680667

Description: Fallingwater3 - Fallingwater - Wikipedia
Link: https://en.wikipedia.org/wiki/Fallingwater

[ 7 ] Pin Id: 407083253828718101

Link: https://twitter.com/archillect/status/1550458503856365568

[ 8 ] Pin Id: 407083253828720191

Description: Tweets liked by Atul Vinayak (@atulvinayak) / Twitter
Link: https://twitter.com/artistutamaro/status/1549998480457957376/photo/1

[ 9 ] Pin Id: 407083253828720195

Description: Tweets liked by Atul Vinayak (@atulvinayak) / Twitter
Link: https://twitter.com/united/status/1549813200752939008/photo/1

[ 10 ] Pin Id: 407083253828720289

Title: Lens Perspectives
Link: http://renamonkalou.tumblr.com/post/165090340696/wanderthewood-south-downs-sussex-england-by

[ 11 ] Pin Id: 407083253828778415

Description: matt oliver (@mattoliver73) / Twitter
Link: https://twitter.com/mattoliver73/status/1551968663313555459/photo/1

[ 12 ] Pin Id: 407083253828778422

Title: Woodland Realm
Link: https://woodlandwanderland.tumblr.com/post/174470997982/frommylimitedtravels-paradise-meadows-mt

[ 13 ] Pin Id: 407083253828778424

Title: Reflected Landscapes by Victoria Siemer
Description: Reflected Landscapes by Victoria Siemer | Colossal
Link: https://www.thisiscolossal.com/2014/04/reflected-landscapes-by-victoria-siemer/

[ 14 ] Pin Id: 407083253828778427

Title: 645 Medium Format Film Cameras
Link: https://thefindlab.com/2018/09/05/645-medium-format-film-cameras/

[ 15 ] Pin Id: 407083253828778430

Title: !!!!
Link: https://m.youtube.com/watch?v=ZlFZcYtt2rs&feature=youtu.be

[ 16 ] Pin Id: 407083253828778437

Title: A radius of 1000m
Link: http://kunihito-miki.tumblr.com/post/146628995757/

[ 17 ] Pin Id: 407083253828778799

Description: Pionen – White Mountain by AF-L (A) - Architizer
Link: https://www.google.com/search?tbs=simg:CAQSmQIJgs_1zXjMwm8AajQILEKjU2AQaAghCDAsQsIynCBo6CjgIBBIT7R5x0R_13Gr0ZwBnJLZcazTfjPRobja_1kuD1cbSUqGUFJx4Kv2pGgi4i-D9zfU2RyIAUwBAwLEI6u_1ggaCgoICAESBC52prsMCxCd7cEJGqIBCiQKEG9mZmljZSBlcXVpcG1lbnTapYj2AwwKCi9tLzAzcXRnamsKHQoLZGF5bGlnaHRpbmfapYj2AwoKCC9tLzBrMm41ChsKB2NvbXBhbnnapYj2AwwKCi9tLzAzYnhncnAKHQoKZm9yIGluZG9vctqliPYDCwoJL2EvNXJ5OWtiCh8KDG9mZmljZSBjaGFpctqliPYDCwoJL20vMDhxMXhwDA&sxsrf=ALiCzsaOzxPsuzhY8squbHlKtvQGIzJ2_w:1659105934381&q=pionen+white+mountain&tbm=isch&sa=X&ved=2ahUKEwiUyvOeq575AhVaRmwGHf6kDY4Q2A4oAXoECAEQNQ&biw=1920&bih=1065&dpr=1

