Pinterest Downloader: Version 1.9

[ 1 ] Pin Id: 407083253828442901

Title: Riki on Twitter
Link: https://twitter.com/riki_s7_/status/1401112811581820931/photo/1

[ 2 ] Pin Id: 407083253828442904

Title: Teemu on Twitter
Link: https://twitter.com/teemusphoto/status/1386148957181542406?s=09

[ 3 ] Pin Id: 407083253828443657

Title: minimalism on Twitter
Description: Home / Twitter
Link: https://twitter.com/youminimalism/status/1538046369432227840/photo/1

[ 4 ] Pin Id: 407083253828444249

Link: https://twitter.com/Japanesehouse/status/1292921081511260173

[ 5 ] Pin Id: 407083253828449818

Description: Home / Twitter
Link: https://twitter.com/searchsystem_/status/1538414878242873345/photo/1

[ 6 ] Pin Id: 407083253828450856

Description: akira manga - Google Search
Link: https://www.google.com/search?q=akira+manga&sxsrf=ALiCzsYONC68YlP_1i8NqQuGvxoE8xW0KQ:1655635543546&source=lnms&tbm=isch&sa=X&ved=2ahUKEwiP88yDq7n4AhUMvZQKHWd3AEQQ_AUoAXoECAIQAw&biw=1920&bih=945#imgrc=-BbysCu042TDdM

[ 7 ] Pin Id: 407083253828450867

Title: Manga and Stuff: Photo
Description: Manga and Stuff — Source: Blame! / ブラム!  by Tsutomu Nihei
Link: https://manga-and-stuff.tumblr.com/image/636169683805061120

[ 8 ] Pin Id: 407083253828450871

Title: BENDIS!
Link: http://brianmichaelbendis.tumblr.com/post/143946894853/stopmakingsandwiches-katsuhiro-otomo-akira

[ 9 ] Pin Id: 407083253828450877

Title: This Ivy House: Photo
Link: http://thisivyhouse.tumblr.com/image/67193681048

[ 10 ] Pin Id: 407083253828450879

Link: https://www.tumblr.com/tagged/tsutomu%20nihei?sort=top

[ 11 ] Pin Id: 407083253828450881

Link: https://manga-and-stuff.tumblr.com/tagged/BLAME!/page/23

[ 12 ] Pin Id: 407083253828450884

Title: Bassmen
Description: Bassmen
Link: http://bassman5911.tumblr.com/post/63766854672

[ 13 ] Pin Id: 407083253828450886

Title: infected
Link: http://infected.tumblr.com/post/182952243085

[ 14 ] Pin Id: 407083253828450908

Description: A

[ 15 ] Pin Id: 407083253828450911

Title: 西新宿７丁目
Link: https://www.flickr.com/photos/shotarveladze0207/8453947878/

[ 16 ] Pin Id: 407083253828450915

Title: takashiyasui
Description: Everyday life in Tokyo
Link: http://takashiyasui.com/post/165433157633/everyday-life-in-tokyo

[ 17 ] Pin Id: 407083253828450929

Title: S M I L E S . . .
Link: http://gotomootpoint.blogspot.com/2019/06/s-m-i-l-e-s.html

[ 18 ] Pin Id: 407083253828450930

Title: BENDIS!: Photo
Description: BENDIS! : Photo
Link: http://brianmichaelbendis.tumblr.com/image/144000556786

[ 19 ] Pin Id: 407083253828450931

Title: akira scans: Photo
Link: https://akira-scans.tumblr.com/image/93108253732

[ 20 ] Pin Id: 407083253828450932

Title: ONO-SENDAI CYBERSPACE 7
Link: http://ono-sendai-cyberspace7.tumblr.com/post/115097509763/swaaarm-thank-gaia-its-friday-masamune-shirow

[ 21 ] Pin Id: 407083253828450933

Title: : Fotos
Description: : Fotos
Link: http://2426-girl.tumblr.com/image/122929646292

[ 22 ] Pin Id: 407083253828450935

Title: 気: Photo
Description: Post anything (from anywhere!), customize everything, and find and follow what you love. Create your own Tumblr blog today.
Link: http://l-oo.tumblr.com/image/77585476907

[ 23 ] Pin Id: 407083253828450936

Title: 気
Link: http://l-oo.tumblr.com/post/46531004344/

[ 24 ] Pin Id: 407083253828450937

Title: 気
Description: 気
Link: http://l-oo.tumblr.com/post/77584631355/

[ 25 ] Pin Id: 407083253828450938

Title: Landscapes [2018-C]
Description: Roche Jaune
Link: https://www.behance.net/gallery/95112161/Landscapes-2018-C

[ 26 ] Pin Id: 407083253828450941

Title: 気
Description: Manga Backdrop Background Textures. Urban Sketch Foreground.
Link: http://l-oo.tumblr.com/post/54897142664/

[ 27 ] Pin Id: 407083253828450943

Title: Twitter. It's what's happening.
Description: (1) Twitter
Link: https://twitter.com/

[ 28 ] Pin Id: 407083253828450945

Title: 気: Photo
Description: #Asano Inio
Link: http://l-oo.tumblr.com/image/63710462494

