Pinterest Downloader: Version 1.9

[ 1 ] Pin Id: 407083253828239606

Title: fujisan [pentax 645, 75mm f/2.8, ektar 100]
Description: fujisan [pentax 645, 75mm f/2.8, ektar 100] : analog
Link: https://www.reddit.com/r/analog/comments/ex7hi2/fujisan_pentax_645_75mm_f28_ektar_100/?utm_source=share&utm_medium=ios_app&utm_name=iossmf&utm_term=link

[ 2 ] Pin Id: 407083253828240267

Description: Latest Tweets / Twitter
Link: https://twitter.com/dezeen/status/1528728468283957249/photo/3

[ 3 ] Pin Id: 407083253828289863

Title: Gallery | PhotoVogue
Link: https://www.vogue.com/photovogue/photographers/152907/gallery#2555685&refresh_ce=

[ 4 ] Pin Id: 407083253828289865

Title: Adventure Awaits! (◡‿◡✿)
Link: http://vurtual.tumblr.com/post/43633259098/rizieres-yuang-yuang-yunnan-chine-by-ichauvel

[ 5 ] Pin Id: 407083253828289869

Title: Kevin Lucbert - ArtisticMoods.com
Link: http://www.artisticmoods.com/kevin-lucbert/

[ 6 ] Pin Id: 407083253828298232

Description: Latest Tweets / Twitter
Link: https://twitter.com/hisa0808/status/1531204314575667200/photo/1

[ 7 ] Pin Id: 407083253828298234

Title: What Berlin Taught Me About Analog Photography
Link: https://www.patriciacabeza.com/blog/film-diaries-berlin-analog-photography?format=amp

[ 8 ] Pin Id: 407083253828298240

Title: Gallery | PhotoVogue
Link: https://www.vogue.com/photovogue/photographers/152907/gallery#2555685&refresh_ce=

[ 9 ] Pin Id: 407083253828298241

Title: Pan-nu＠写真 on Twitter
Link: https://twitter.com/Pan_nu_photos/status/1377561186338766848/photo/4

[ 10 ] Pin Id: 407083253828298260

Title: Untitled
Link: https://www.flickr.com/photos/tobyharvard/34589168591

[ 11 ] Pin Id: 407083253828298265

Title: 180上海 on Twitter
Link: https://twitter.com/chugokukurasuta/status/1272140976224526337/photo/1

[ 12 ] Pin Id: 407083253828298276

Title: Ryosuke Kosuge’s 30 Stunning Photos Give A Glimpse Of Everyday Life In Asia
Description: The Photographer Takes Pictures Of Everyday Asia That Our Eyes Would Hardly See
Link: https://www.boredpanda.com/photography-asia-traditional-architecture-cities-nature-ryosuke-kosuge-rkrkrk/

[ 13 ] Pin Id: 407083253828298279

Title: Shinjuku Silence
Link: https://www.flickr.com/photos/hisafoto/40615756794

[ 14 ] Pin Id: 407083253828298283

Title: ✸This Old Stomping Ground✸
Link: https://this-old-stomping-ground.tumblr.com/post/184802129603

[ 15 ] Pin Id: 407083253828298284

Title: Untitled
Link: http://www.flickr.com/photos/thekoolhut/7649573990/

[ 16 ] Pin Id: 407083253828304576

Description: Tweets liked by Lorem ♥️ λ (@yakinavault) / Twitter
Link: https://twitter.com/artistkuniyoshi/status/1527828400051834880/photo/1

[ 17 ] Pin Id: 407083253828304614

Title: Fuji Superia XTRA 400 - Leica R4
Link: https://www.reddit.com/r/analog/comments/ew32sf/fuji_superia_xtra_400_leica_r4/?utm_source=share&utm_medium=ios_app&utm_name=iossmf&utm_term=link

