Pinterest Downloader: Version 1.9

[ 1 ] Pin Id: 407083253828127188

Title: Archillect on Twitter
Description: Home / Twitter
Link: https://twitter.com/archillect/status/1523535785466777601/photo/1

[ 2 ] Pin Id: 407083253828127286

Title: Windows 10 icons. Where are they located? In which files and folders?
Link: https://www.digitalcitizen.life/where-find-most-windows-10s-native-icons

[ 3 ] Pin Id: 407083253828127314

Title: 写ルンです

[ 4 ] Pin Id: 407083253828127320

Title: Apollo Archives *EDIT 11*
Link: https://www.reddit.com/r/nasa/comments/anykri/apollo_archives_edit_11/

[ 5 ] Pin Id: 407083253828127379

Title: all night 'til the vultures swarm.
Link: https://akrillics.tumblr.com/post/620071657973940224

[ 6 ] Pin Id: 407083253828127385

Title: Retro
Description: Wallpaper tokyo

[ 7 ] Pin Id: 407083253828127394

Title: PORTFOLIO
Description: PORTFOLIO
Link: http://www.alexandrapacula.com/index.php/porfolio

[ 8 ] Pin Id: 407083253828127415

Title: Portfolio — SAKAI TAKAHIRO
Link: https://www.sakaitakahiro.com/portfolio

