Pinterest Downloader: Version 1.9

[ 1 ] Pin Id: 407083253828498051

Description: Tweets liked by Atul Vinayak (@atulvinayak) / Twitter
Link: https://twitter.com/explorericeland/status/1540526432148893696/photo/1

[ 2 ] Pin Id: 407083253828498058

Description: Tweets liked by Atul Vinayak (@atulvinayak) / Twitter
Link: https://twitter.com/pr0grammerhum0r/status/1540107457904648193/photo/1

[ 3 ] Pin Id: 407083253828502318

Description: Lupe (@luperhchp) / Twitter
Link: https://www.google.com/search?tbs=simg:CAQShwIJdhT3PxsZmYQa-wELELCMpwgaOgo4CAQSFKQlvgG6Augd7iSBFbQLyQbPC-cuGhoDQtGp8cAMUa8DPiyW8escj6lsM3f8aaku2iAFMAQMCxCOrv4IGgoKCAgBEgR3nngBDAsQne3BCRqbAQofCgxjb252ZXJzYXRpb27apYj2AwsKCS9tLzAxaDhuMAobCgVzY2VuZdqliPYDDgoML2cvMXE1ajhuZzBoChwKCWhpZ2ggcmlzZdqliPYDCwoJL2EvN2J4bTk1CiUKE2RpZ2l0YWwgY29tcG9zaXRpbmfapYj2AwoKCC9tLzAyZzQ5ChYKBGZpbG3apYj2AwoKCC9tLzAydnhuDA&sxsrf=ALiCzsaPQKjSeBLABkPiyjAnMC30u9NB5Q:1656229641824&q=lost+in+translation+cinematography&tbm=isch&sa=X&ved=2ahUKEwiTm96b0Mr4AhUXZ94KHXSZDIUQ2A4oAXoECAEQNA&biw=1920&bih=945&dpr=1

[ 4 ] Pin Id: 407083253828502902

Description: Archillect (@archillect) / Twitter
Link: https://twitter.com/archillect/status/1539745938184577025/photo/1

[ 5 ] Pin Id: 407083253828503538

Title: Tumblr
Description: Pure hellsite effervescence. Home of Reblogs. All the art you never knew you needed. Your new fandom communities. Add to it or scroll through and soak it up.
Link: https://www.tumblr.com/dashboard

[ 6 ] Pin Id: 407083253828510370

Description: Summer Classical Japan | Spotify Playlist
Link: https://www.google.com/search?tbs=simg:CAQSlQIJv_1_1alA1uFo8aiQILELCMpwgaOgo4CAQSFJIQtw_1OMe0XgB6OLr8XhxiYHu8EGhpwCNMlUZTqjy5oIsTsZlMbMaxQL6fX2G5WeyAFMAQMCxCOrv4IGgoKCAgBEgR_1XNtRDAsQne3BCRqpAQonChNlbWVyZ2VudCB2ZWdldGF0aW9u2qWI9gMMCgovbS8wNTlxZG1sCiEKDXBob3RvIGNhcHRpb27apYj2AwwKCi9tLzBiNzV3ZzQKHgoMd2F0ZXIgbGlsaWVz2qWI9gMKCggvbS8waHF2YwoiChBib3RhbmljYWwgZ2FyZGVu2qWI9gMKCggvbS8wajJoZwoXCgRwb25k2qWI9gMLCgkvbS8wMTg0cmIM&sxsrf=ALiCzsYa0zjbGNSIWUVJX1yB0Yz7LM_mmw:1656313913113&q=emergent+vegetation&tbm=isch&sa=X&ved=2ahUKEwi2rbWTis34AhX6plYBHYbpBfgQ2A4oAXoECAEQNA&biw=1920&bih=945

[ 7 ] Pin Id: 407083253828510385

Title: コハラタケル on Twitter
Link: https://twitter.com/takerukohara/status/1249548725363466240

[ 8 ] Pin Id: 407083253828510388

Title: Films & Architecture: "Lost in Translation"
Link: http://www.archdaily.com/242040/films-architecture-lost-in-translation/

[ 9 ] Pin Id: 407083253828510395

Title: Chelsea Physic Garden, London
Link: https://www.hannahmatcha.com/chelsea-physic-garden-london/

[ 10 ] Pin Id: 407083253828510397

Title: View the Shibuya scramble from above - 『101 things to do in Japan』
Link: http://micro-site.timeout.com/tokyo/101-things-to-do-in-japan/detail/006.html?lang=en

[ 11 ] Pin Id: 407083253828510398

Title: 2014
Link: http://schorlemaedchen.blogspot.com.au/2015/01/2014.html

[ 12 ] Pin Id: 407083253828510400

Title: lucid dreaming and spirituality
Link: https://linktr.ee/PhillipSdSmith3?r=6534730085

[ 13 ] Pin Id: 407083253828510406

Description: Photography by Craig Whitehead.
Link: https://images.unsplash.com/photo-1495572050486-a9b739c11fb9?ixlib=rb-0.3.5&s=3442b51571fc2bcd346c77fe6948084f&auto=format&fit=crop&w=1534&q=80

[ 14 ] Pin Id: 407083253828510407

Title: the botanical
Link: http://www.thebotanical.nl/

[ 15 ] Pin Id: 407083253828510410

Title: James Tralie on Behance
Link: https://www.behance.net/jamestralie2e9

[ 16 ] Pin Id: 407083253828510710

Description: Home / Twitter
Link: https://twitter.com/archillect/status/1541346358069706752/photo/1

[ 17 ] Pin Id: 407083253828520650

Description: Baby, the Rain Must Fall | The New Yorker
Link: https://www.google.com/search?tbs=simg:CAQSjQIJZx0LYyPtxeEagQILELCMpwgaOgo4CAQSFM8N6C6sNaYMgRWcN7wfzRP2GO4kGhoz2HzhnVQfE_12aKq5v1KX_1fl5sAA0A_1DEvVCAFMAQMCxCOrv4IGgoKCAgBEgTktbnFDAsQne3BCRqhAQoYCgVldmVudNqliPYDCwoJL20vMDgxcGtqCiYKEmVsZWN0cm9uaWMgc2lnbmFnZdqliPYDDAoKL20vMDUyMmN6NAojChFtZXRyb3BvbGl0YW4gYXJlYdqliPYDCgoIL20vMGpfczQKHQoKdXJiYW4gYXJlYdqliPYDCwoJL20vMDM5amJxChkKBnN0cmVldNqliPYDCwoJL20vMDFjOGJyDA&sxsrf=ALiCzsZ5ruz2PXzQKhr4qJDkj_shn1S2CA:1656427245246&q=blade+runner+movie+set&tbm=isch&sa=X&ved=2ahUKEwir_rGssND4AhUJmFYBHYOrBUsQ2A4oAXoECAEQNA&biw=1920&bih=945

[ 18 ] Pin Id: 407083253828537003

Description: Home / Twitter
Link: https://twitter.com/archillect/status/1542470762266873858/photo/1

[ 19 ] Pin Id: 407083253828543613

Description: Tweets liked by Atul Vinayak (@atulvinayak) / Twitter
Link: https://twitter.com/artisteakins/status/1542133826968817665/photo/1

[ 20 ] Pin Id: 407083253828544139

Title: Adrian Dziewanski on Instagram: “An image I found from about six months ago sitting in the archive. Like it a lot more now then I did back then. This is why we go back and…”
Link: https://www.instagram.com/p/CfTNBBHuNOj/?igshid=MDJmNzVkMjY=

[ 21 ] Pin Id: 407083253828544641

Title: Red Letters
Link: http://tavisgray.tumblr.com/post/154748490325/

[ 22 ] Pin Id: 407083253828544646

Title: @Visit Japan: We want to see YOUR photos of Japan! Share your favourite snap with us, with a …
Link: https://www.alojapan.com/53455/visit-japan-we-want-to-see-your-photos-of-japan-share-your-favourite-snap-with-us-with-a/

[ 23 ] Pin Id: 407083253828544649

Title: To spend a day with your head in the clouds. (at Oak Flat... (just you wait.)
Description: To spend a day with your head in the clouds. (at Oak Flat...
Link: https://www.bloglovin.com/blogs/just-you-wait-11522307/to-spend-a-day-with-your-head-in-clouds-at-5724081797

[ 24 ] Pin Id: 407083253828544651

Title: Untitled
Link: https://www.flickr.com/photos/dulcieemerson/4149856195

[ 25 ] Pin Id: 407083253828544652

Title: 気: Photo
Link: https://l-oo.tumblr.com/image/45910744110

[ 26 ] Pin Id: 407083253828544653

Title: Botanical Gardens in Barbados — Haarkon
Link: https://www.haarkon.co.uk/explore-blog/botanical-gardens-in-barbados

[ 27 ] Pin Id: 407083253828544656

Title: Untitled
Link: https://www.flickr.com/photos/calipse/7893871394

[ 28 ] Pin Id: 407083253828544663

Title: Voice of Nature: Photo
Description: Voice of Nature : Photo
Link: http://voiceofnature.tumblr.com/image/150366842331

[ 29 ] Pin Id: 407083253828544679

Title: The Tides
Link: http://jukavo.tumblr.com/post/76051643306

[ 30 ] Pin Id: 407083253828545988

Description: Léa seydoux's first louis vuitton campaign is unveiled – Artofit
Link: https://www.google.com/search?tbs=simg:CAQSjQIJaUseLMGP5u4agQILELCMpwgaOgo4CAQSFKor_1A2bB9wd1QHCNvQbogbkO5opGhoBvpq9K4lvR8yxPjHarTfJam5aSWDiAZPtIiAFMAQMCxCOrv4IGgoKCAgBEgSQiX2vDAsQne3BCRqhAQodCgptaWQgbGVuZ3Ro2qWI9gMLCgkvYS8xczZtamQKIgoPc2hvdWxkZXIgbGVuZ3Ro2qWI9gMLCgkvYS8zbmdzXzkKIQoNZmFzaGlvbiBtb2RlbNqliPYDDAoKL20vMDJocXI4NwocCglwb2xvIG5lY2vapYj2AwsKCS9tLzAzajVfeAobCgljZWxlYnJpdHnapYj2AwoKCC9tLzAxcmZ6DA&sxsrf=ALiCzsbdk1Ik_FUZo6t-gblgIYH-Ktm9vA:1656695209112&q=lea+seydoux+wallpaper+hd&tbm=isch&sa=X&ved=2ahUKEwiYuMLLltj4AhUjQ_UHHb5qCyEQ2A4oAXoECAEQNA&biw=1920&bih=945&dpr=1

[ 31 ] Pin Id: 407083253828546887

Title: thelordismylightandmysalvation
Link: https://thelordismylightandmysalvation.tumblr.com/post/679818984607088641/ensphere-misty-morning-by-ruthiedee

[ 32 ] Pin Id: 407083253828546890

Title: 気
Link: http://l-oo.tumblr.com/post/44654105746

[ 33 ] Pin Id: 407083253828546917

Title: joe greer on Twitter
Link: https://twitter.com/ioegreer/status/1093526841967693825

[ 34 ] Pin Id: 407083253828546919

Title: Yulia Gorodyanina
Link: https://vk.com/photo86694920_456241795

[ 35 ] Pin Id: 407083253828546921

Title: Image about plant in Vintage 💙 by n2srin 3bd on We Heart It
Link: https://weheartit.com/entry/339178025

[ 36 ] Pin Id: 407083253828546929

Title: DesignPop
Description: DesignPop
Link: https://www.designpop.com/

[ 37 ] Pin Id: 407083253828546930

Title: DesignPop
Description: Source: s-media-cache-ak0.pinimg.com
Link: https://www.designpop.com/

[ 38 ] Pin Id: 407083253828546933

Title: DesignPop
Description: DesignPop
Link: https://www.designpop.com/

