Pinterest Downloader: Version 1.9

[ 1 ] Pin Id: 407083253827893717

Title: Quiet summer, Dom Dom
Link: https://www.artstation.com/artwork/o3rGw

[ 2 ] Pin Id: 407083253827894093

Description: Hara-Kiri (1962)
Link: https://www.google.com/search?q=harakiri&sxsrf=APq-WBukhvT8L9XZ8hm6QQchE-Cp3MvjLQ:1649561495352&source=lnms&tbm=isch&sa=X&ved=2ahUKEwjdvty3x4j3AhUQad4KHQrCD-UQ_AUoAXoECAIQAw&biw=1920&bih=950&dpr=1

[ 3 ] Pin Id: 407083253827895710

Description: Home / Twitter
Link: https://twitter.com/ajishiokun/status/1513098468734033921/photo/1

[ 4 ] Pin Id: 407083253827895962

Title: Spiced Persimmon Bourbon Cocktail (When You Wish Upon a Star)
Link: http://www.hellomydumpling.com/spiced-persimmon-bourbon-cocktail/

[ 5 ] Pin Id: 407083253827895994

Title: Ministry Order #456 - Client Work_V3, Death Burger
Description: ArtStation - Ministry Order #456 - Client Work_V3, Josan Gonzalez
Link: https://www.artstation.com/artwork/KV51B

[ 6 ] Pin Id: 407083253827896005

Title: All sizes | Untitled | Flickr - Photo Sharing!
Description: by fixedfocal
Link: http://www.flickr.com/photos/fixedfocal/6564135121/sizes/l/in/photostream/

[ 7 ] Pin Id: 407083253827896008

Title: にほんてき
Link: https://nihonteki.tumblr.com/post/183515127512

[ 8 ] Pin Id: 407083253827896011

Title: Japan’s Vending Machine Designs Are Like No Other Country’s
Link: https://www.architecturaldigest.com/gallery/japan-vending-machine-designs-like-no-other-countrys

[ 9 ] Pin Id: 407083253827896017

Title: Annihilation · Alternative Poster
Description: Annihilation · Alternative Poster on Behance
Link: https://www.behance.net/gallery/63136755/Annihilation-Alternative-Poster?tracking_source=search%7CAnnihilation

[ 10 ] Pin Id: 407083253827896081

Title: Hip Hop School
Link: http://hip-hop-school.tumblr.com/post/60075874380/safetycat-its-all-getting-out-of-my-hands

[ 11 ] Pin Id: 407083253827896082

Title: ヤコー on Twitter
Link: https://twitter.com/yako_FLPR3/status/1237364044123623426

[ 12 ] Pin Id: 407083253827896328

Title: あなたの街にもきっとあるはず……古くて美しい「看板建築」を徹底解説、そのルーツは約100年前にあった
Link: https://ecnavi.jp/mainichi_news/article/f7cbf2ae583d2700afe076e8e9179a45/

[ 13 ] Pin Id: 407083253827896334

Title: Atari TOS 1.0
Link: http://toastytech.com/guis/tos.html

