Pinterest Downloader: Version 1.9

[ 1 ] Pin Id: 407083253828304653

Title: yakinavault ♥️ λ on Twitter
Description: Media Tweets by yakinavault ♥️ λ (@yakinavault) / Twitter
Link: https://twitter.com/yakinavault/status/1523278923798245376/photo/1

[ 2 ] Pin Id: 407083253828304656

Title: yakinavault ♥️ λ on Twitter
Description: Media Tweets by yakinavault ♥️ λ (@yakinavault) / Twitter
Link: https://twitter.com/yakinavault/status/1468061125661315074/photo/3

[ 3 ] Pin Id: 407083253828304659

Title: yakinavault ♥️ λ on Twitter
Description: Media Tweets by yakinavault ♥️ λ (@yakinavault) / Twitter
Link: https://twitter.com/yakinavault/status/1468061125661315074/photo/1

[ 4 ] Pin Id: 407083253828304664

Description: Media Tweets by yakinavault ♥️ λ (@yakinavault) / Twitter
Link: https://twitter.com/yakinavault/status/1443128668767752193/photo/1

[ 5 ] Pin Id: 407083253828304668

Title: yakinavault ♥️ λ on Twitter
Description: Media Tweets by yakinavault ♥️ λ (@yakinavault) / Twitter
Link: https://twitter.com/yakinavault/status/1403338781000753160/photo/1

[ 6 ] Pin Id: 407083253828304671

Title: yakinavault ♥️ λ on Twitter
Description: Media Tweets by yakinavault ♥️ λ (@yakinavault) / Twitter
Link: https://twitter.com/yakinavault/status/1401466589665366019/photo/1

[ 7 ] Pin Id: 407083253828304673

Title: yakinavault ♥️ λ on Twitter
Description: Media Tweets by yakinavault ♥️ λ (@yakinavault) / Twitter
Link: https://twitter.com/yakinavault/status/1400467598198730760/photo/1

[ 8 ] Pin Id: 407083253828304677

Title: yakinavault ♥️ λ on Twitter
Description: Media Tweets by yakinavault ♥️ λ (@yakinavault) / Twitter
Link: https://twitter.com/yakinavault/status/1383451545937743878/photo/1

[ 9 ] Pin Id: 407083253828304691

Description: Media Tweets by yakinavault ♥️ λ (@yakinavault) / Twitter
Link: https://twitter.com/yakinavault/status/1375811534111170567/photo/1

[ 10 ] Pin Id: 407083253828304707

Title: yakinavault ♥️ λ on Twitter
Description: Media Tweets by yakinavault ♥️ λ (@yakinavault) / Twitter
Link: https://twitter.com/yakinavault/status/1346685803393470470/photo/1

[ 11 ] Pin Id: 407083253828313308

Title: Analogue Mountains 🎞⛰ on Instagram: “📷 @film.lane 👉 swipe to see the full crop . . . . . #analoguemountains #analog #analogphotography #onfilm #filmphotography #filmcamera…”
Link: https://www.instagram.com/p/CePBOj3IoYp/?igshid=MDJmNzVkMjY=

[ 12 ] Pin Id: 407083253828313415

Title: Sigge Bjerkhof on Instagram: “26052022 #d #redshift #c #cinema #dart #render #motiongraphics #cgi #digitalart #art #mdcommunity #animation #design #motiondesign #corona…”
Link: https://www.instagram.com/p/CeBXlEuNhOt/?igshid=MDJmNzVkMjY=

[ 13 ] Pin Id: 407083253828335508

Title: Modern vs Traditional, Chongqing, China
Description: Modern vs Traditional, Chongqing, China : CityPorn
Link: https://www.reddit.com/r/CityPorn/comments/kpp5wl/modern_vs_traditional_chongqing_china/?utm_source=share&utm_medium=ios_app&utm_name=iossmf

[ 14 ] Pin Id: 407083253828335510

Title: Traditional and modern architecture in one frame, Chongqing, China [1280x519]
Link: https://www.reddit.com/r/ArchitecturePorn/comments/f15a8n/traditional_and_modern_architecture_in_one_frame/?utm_source=ifttt

[ 15 ] Pin Id: 407083253828335524

Title: iPod classic with new skin

[ 16 ] Pin Id: 407083253828392693

Title: Photographer Tatsuto Shibata - Photography - ARTWOONZ
Link: https://artwoonz.com/photographer-tatsuto-shibata/

[ 17 ] Pin Id: 407083253828392695

Title: leahberman
Link: https://leahberman.tumblr.com/post/619657914539474944/wildflower-ridge-los-angeles-california

[ 18 ] Pin Id: 407083253828392698

Title: Asleep
Link: http://www.flickr.com/photos/davidoff_a/4023832188/in/faves-tickledpinkknits/

[ 19 ] Pin Id: 407083253828392700

Title: ON OTHER FILM - THE FLYING FRUIT BOWL
Link: https://theflyingfruitbowl.co.uk/2021/11/12/on-other-film/

[ 20 ] Pin Id: 407083253828392702

Title: The skyline of Moscow
Description: The skyline of Moscow #city #cities #buildings #photography
Link: https://www.reddit.com/r/CityPorn/comments/fez7oa/the_skyline_of_moscow/?utm_source=ifttt

[ 21 ] Pin Id: 407083253828392706

Title: イ ノ ウ エ on Twitter
Link: https://twitter.com/metaphor_472/status/1319937929138012161/photo/4

[ 22 ] Pin Id: 407083253828392707

Link: https://twitter.com/metaphor_472/status/1317759829054640128/photo/2

[ 23 ] Pin Id: 407083253828392712

Link: http://m.huffpost.com/us/entry/6218982

[ 24 ] Pin Id: 407083253828392743

Link: https://iso.500px.com/6-top-tips-for-photographing-rooftops-and-cities/

