Pinterest Downloader: Version 1.9

[ 1 ] Pin Id: 407083253827888453

Title: LogoArchive
Link: https://logo-archive.org/

[ 2 ] Pin Id: 407083253827888457

Title: Fx0 smartphone by Tokujin
Description: Fx0 smartphone by Tokujin
Link: http://www.domusweb.it/content/domusweb/en/news/2014/12/31/tokujin_yoshioka_smartphone_for_kddi_0.html

[ 3 ] Pin Id: 407083253827888529

Title: 0aaonplasmascrrrr.jpg — Are.na
Link: https://www.are.na/block/460905

[ 4 ] Pin Id: 407083253827888530

Title: Remember the Walkman? These Photos of Retro Sony Electronics Are a Blast from the Past
Description: Sony design retrospective book by Rizzoli
Link: http://www.dwell.com/rewind/article/remember-walkman-these-photos-retro-sony-electronics-are-blast-past#4

[ 5 ] Pin Id: 407083253827888532

Title: Portfolio: Low Resolution Works: Blur Two
Link: http://www.jimcampbell.tv/portfolio/low_resolution_works/blur_two/

[ 6 ] Pin Id: 407083253827888533

Title: Design is fine. History is mine.
Link: http://www.design-is-fine.org/post/140383254299/jonathan-ive-apple-studio-display-2000-usa-the

[ 7 ] Pin Id: 407083253827888547

Title: Cory Arcangel | Artists
Link: https://www.lissongallery.com/artists/cory-arcangel

[ 8 ] Pin Id: 407083253827888594

Title: Watch Light Take On The Properties Of A Tennis Ball
Description: Light kinetics. The last experiment of espadaysantacruz studio playing with physicality of light. A physics simulator build with Processing ...
Link: http://thecreatorsproject.vice.com/blog/watch-light-take-on-the-properties-of-a-tennis-ball

