Pinterest Downloader: Version 1.9

[ 1 ] Pin Id: 407083253828896751

Title: Blinded by colors
Link: https://www.behance.net/gallery/126434771/Blinded-by-colors?tracking_source=for_you_feed_featured_category

[ 2 ] Pin Id: 407083253828897314

Title: Looking Back at 120 Years of Olympic Poster Design [100 Posters]
Link: https://colorlib.com/wp/history-of-olympics-poster-design/

[ 3 ] Pin Id: 407083253828916941

Title: Abstract Photos of Oil Spills that Look Like Iridescent Eyes
Description: Photographer and artist Fabian Oefner is known for his creative work with paint, oil, and even petrol. He's a master of finding beauty in chemistry, and ca
Link: https://petapixel.com/2016/09/05/abstract-photos-oil-spills-look-like-iridescent-eyes/

[ 4 ] Pin Id: 407083253828936148

Title: Breathtaking Venues: Bosjes in the Boland | VISI
Link: https://www.visi.co.za/breathtaking-venues-bosjes/

[ 5 ] Pin Id: 407083253828936149

Title: Mixed Media
Link: http://blog.patternbank.com/tag/mixed-media/

[ 6 ] Pin Id: 407083253828936153

Title: How Old Computer Advertisements Look Like
Link: http://www.hongkiat.com/blog/vintage-tech-ads/

[ 7 ] Pin Id: 407083253828936165

Title: 【新製品】凹凸を省いたシンプルな薄型iPhoneケース「MYNUS（マイナス）」に新色サンドグレー。iPhone 11用と11 Pro用、SE（第2世代）用の3サイズ - アイアリ
Description: 新製品凹凸を省いたシンプルな薄型iPhoneケースMYNUSマイナスに新色サンドグレーiPhone 11用と11 Pro用SE第2世代用の3サイズ
Link: https://arigato-ipod.com/2020/07/mynus-iphone-case-sand-grey.html

[ 8 ] Pin Id: 407083253828939511

Title: 2015
Description: Memory Vessel | Bouke De Vries
Link: https://boukedevries.com/2015-2/nggallery/image/memory-vessel-35

[ 9 ] Pin Id: 407083253828939523

Title: La nuit blanche
Link: http://lafilleblanc.tumblr.com/post/93128462761/

[ 10 ] Pin Id: 407083253828953211

Title: Quirky Interventions by Octavi Serra Question the Rules of Public Spaces
Description: Quirky Interventions by Octavi Serra Question the Rules of Public Spaces | Colossal
Link: https://www.thisiscolossal.com/2019/01/quirky-interventions-by-octavi-serra/

[ 11 ] Pin Id: 407083253828963104

Title: Archillect on Twitter
Link: http://twitter.com/archillect/status/767463792879992832

[ 12 ] Pin Id: 407083253828963176

Title: the analogue pocket is a retro gaming portable that makes music too
Link: https://www.designboom.com/technology/pocket-analogue-retro-gaming-portable-07-02-2020/

[ 13 ] Pin Id: 407083253829043055

Title: squary Archives - leManoosh
Link: https://lemanoosh.com/tagged/squary/

[ 14 ] Pin Id: 407083253829049692

Title: Gonzalo Rodriguez Studio on Behance
Description: Gonzalo Rodriguez Studio on Behance
Link: https://www.behance.net/gonzalorodrigu33

[ 15 ] Pin Id: 407083253829049694

Title: Polestar Precept – The future of automotive | Polestar US
Link: https://www.polestar.com/us/precept/

[ 16 ] Pin Id: 407083253829052101

Title: Liminal Spaces on Twitter
Link: https://twitter.com/spaceliminalbot/status/1406107977300520961/photo/1

[ 17 ] Pin Id: 407083253829052259

Title: R2 . CA . 2022
Description: R2 . CA . 2021
Link: https://r2-r.tumblr.com/post/633419952732389376

[ 18 ] Pin Id: 407083253829173106

Title: Equo
Description: Equo
Link: http://www.koncept.com/Equo

[ 19 ] Pin Id: 407083253829173109

Title: Blinded by colors
Description: Blinded by colors on Behance
Link: https://www.behance.net/gallery/126434771/Blinded-by-colors

[ 20 ] Pin Id: 407083253829173118

Title: An 'Uncertain Journey' By Chiharu Shiota - IGNANT
Link: https://www.ignant.com/2016/09/27/chiharu-shiota-uncertain-journey/

[ 21 ] Pin Id: 407083253829212684

Title: laborgras
Description: laborgras, Poster Series 2014/15
Link: http://neubauberlin.com/project/laborgras/

[ 22 ] Pin Id: 407083253829212693

Title: Universe Projects
Link: https://www.behance.net/search/projects?search=universe

[ 23 ] Pin Id: 407083253829212723

Title: Kenichirooomori Moving Design
Link: http://www.kenichirooomori.com/shortcodes8.html

[ 24 ] Pin Id: 407083253829212780

Title: Ceramic Wood Glass - Mindsparkle Mag
Description: Ceramic Wood Glass - Mindsparkle Mag
Link: https://mindsparklemag.com/design/ceramic-wood-glass/

