Pinterest Downloader: Version 1.9

[ 1 ] Pin Id: 407083253830182205

Title: Sci-fi Interior
Description: Sci-fi Interior on Behance
Link: https://www.behance.net/gallery/91566071/Sci-fi-Interior

[ 2 ] Pin Id: 407083253830224137

Title: Mythic Sunship: Another Shape of Psychedelic Music
Description: Mythic Sunship: Another Shape of Psychedelic Music – El Paraiso Records
Link: https://elparaisorecords.com/product/mythic-sunship-another-shape-of-psychedelic-music/

[ 3 ] Pin Id: 407083253830232656

Title: oğuz can yazgı on Behance
Link: https://www.behance.net/oguzcanyazgi

[ 4 ] Pin Id: 407083253830243340

Title: Best of Behance
Link: https://www.behance.net/galleries

[ 5 ] Pin Id: 407083253830246605

Title: GIOR KONDUCTA
Link: http://giorkonducta.tumblr.com/post/179349093656

[ 6 ] Pin Id: 407083253830302086

Title: mkzuc-c3nv8.jpg — Are.na
Link: https://www.are.na/block/5624521

[ 7 ] Pin Id: 407083253830353710

Title: Botanical experiment
Description: Botanical experiment on Behance
Link: https://www.behance.net/gallery/124822221/Botanical-experiment

[ 8 ] Pin Id: 407083253830372609

Title: Ecobee
Description: Ecobee on Behance
Link: https://www.behance.net/gallery/95428663/Ecobee

[ 9 ] Pin Id: 407083253830433718

Title: #vscox #blur #vscochallenges #challengerevealtheunseen | urbanfrequency
Link: https://vsco.co/urbanfrequency/media/5b0e9adc3810d91b55355ec6?share=MTUyNzY4MzgwOQ%3D%3D

