Pinterest Downloader: Version 1.9

[ 1 ] Pin Id: 407083253827870466

Title: Cover of the Day: May 2019 — The Society of Publication Designers
Link: https://www.spd.org/cover-of-the-day-may-2019

[ 2 ] Pin Id: 407083253827872600

Title: highsocietygifs
Link: https://highsocietygifs.tumblr.com/post/189432452549/hugomoreira-everyday-september

[ 3 ] Pin Id: 407083253827873221

Title: Paweł Dziurka on Instagram: “C  @36daysoftype   #36days_c #36daysoftype09 #36daysoftype #typeyeah #experimentaltypography #type01 #typism #6tm_magazine #typetopia…”
Link: https://www.instagram.com/p/Ca5ALx0A9AS/?utm_medium=share_sheet

[ 4 ] Pin Id: 407083253827873691

Title: Edition Hansjorg Mayer, Publisher Of Artist Books
Description: Edition Hansjörg Mayer, Publisher Of Artist Books.
Link: http://www.hansjorgmayer.com/vertical.php

[ 5 ] Pin Id: 407083253827873692

Title: LARQ Bottle Filtered
Link: https://www.livelarq.com/shop/larq-bottle-filtered

[ 6 ] Pin Id: 407083253827874338

Title: Microsoft Windows 365
Description: 微软视窗 365 | 卷须设计与动画
Link: http://tendril.ca/work/windows365/

