Pinterest Downloader: Version 1.9

[ 1 ] Pin Id: 407083253828065762

Title: typophile
Link: http://typophile.tumblr.com/post/134065169021

[ 2 ] Pin Id: 407083253828065765

Title: SNAKE RANCH
Link: https://thomortiz.tumblr.com/page/6

[ 3 ] Pin Id: 407083253828065771

Title: nathanheadphotography
Link: https://nathanheadphotography.tumblr.com/

[ 4 ] Pin Id: 407083253828065773

Title: : Photo
Link: http://palmandlaser.tumblr.com/image/144626415159

[ 5 ] Pin Id: 407083253828070074

Title: SHOOT FILM on Instagram: “📷 @35mmphilly  _______________ When the 🌸 drops, but not mad about it.  #35mm”
Link: https://www.instagram.com/p/CdB94ZXB2mh/?igshid=MDJmNzVkMjY=

[ 6 ] Pin Id: 407083253828073572

Title: Happy new year
Link: http://ouyang-ying.tumblr.com/

[ 7 ] Pin Id: 407083253828073592

Title: enjoyslurm
Link: https://enjoyslurm.tumblr.com/post/610884994720808960

[ 8 ] Pin Id: 407083253828089625

Title: Smart Rope
Description: Smart Rope on Behance
Link: https://www.behance.net/gallery/25423419/Smart-Rope

[ 9 ] Pin Id: 407083253828089640

Title: The Sign-Generator
Link: https://typischbeton.wordpress.com/2011/01/21/the-sign-generator/

[ 10 ] Pin Id: 407083253828089642

Title: Graphics thisisgrey likes
Link: https://thisisgrey.tumblr.com/post/186087668498/searchsystem-mark-bloom-mash-creative-wip

[ 11 ] Pin Id: 407083253828098845

Title: Deniss on Instagram: “Derborence lake on #portra160 #120film  . . .  #madewithkodak #kodakportra160 #colorfilm #mamiya645 #mamiya645super #kodakfilm…”
Link: https://www.instagram.com/p/CdLVcYpoSft/?igshid=MDJmNzVkMjY=

