Pinterest Downloader: Version 1.9

[ 1 ] Pin Id: 407083253829692492

Title: Daniel 🗡️ on Twitter
Link: https://twitter.com/danbarkle/status/1501983417684140043/photo/1

[ 2 ] Pin Id: 407083253829725831

Title: 5 Breakout Ceramics and Glass Artists From This Year's RCA Showcase - Sight Unseen
Description: 5 Breakout Ceramics and Glass Artists From This Year's RCA Showcase - Sight Unseen
Link: https://www.sightunseen.com/2019/07/emerging-designers-ceramics-glass-artists-royal-college-of-art-london/

[ 3 ] Pin Id: 407083253829725851

Title: instagram: a level-headed look at ‘shadowbanning’ - Me & Orla
Link: https://meandorla.co.uk/instagram-a-level-headed-look-at-shadowbanning/

[ 4 ] Pin Id: 407083253829725855

Title: bmafika
Link: https://vsco.co/bmafika/media/55ff59c226331e49378b456c

[ 5 ] Pin Id: 407083253829725863

Title: Untitled
Link: http://www.flickr.com/photos/dabidabid/8675858002/

[ 6 ] Pin Id: 407083253829725865

Title: Aesthetic Sharer ZHR on Twitter
Description: 主页 / Twitter
Link: https://twitter.com/cgdrawing/status/1257715702334550021/photo/2

[ 7 ] Pin Id: 407083253829734299

Title: Minimalist Radio Desk gives you Braun vibes while bringing music from the airwaves
Link: https://www.yankodesign.com/2022/09/13/minimalist-radio-desk-gives-you-braun-vibes-while-bringing-music-from-the-airwaves/amp/

