Pinterest Downloader: Version 1.9

[ 1 ] Pin Id: 407083253829777273

Title: Bicycle Archives - leManoosh
Link: http://lemanoosh.com/tagged/bicycle/

[ 2 ] Pin Id: 407083253829794329

Title: Archillect
Description: LIB5736
Link: http://archillect.com/

[ 3 ] Pin Id: 407083253829794438

Description: Timothée Damas (@timdamas) • Instagram photos and videos
Link: https://www.instagram.com/p/CPnCtOGjUFj/

[ 4 ] Pin Id: 407083253829824018

Title: Change the locks
Description: Change the locks
Link: http://changethelocks.tumblr.com/post/164516582380

[ 5 ] Pin Id: 407083253829840748

Title: WAHIN Water purifier
Description: Behance :: 为您呈现
Link: https://www.behance.net/gallery/136656837/WAHIN-Water-purifier?tracking_source=for_you_feed_user_published

[ 6 ] Pin Id: 407083253829840750

Title: Dividers
Link: https://www.behance.net/gallery/128479607/Dividers

