Pinterest Downloader: Version 1.9

[ 1 ] Pin Id: 407083253829474247

Title: lunaire eclipse wall lamp by ferreol babin for fontana arte
Link: http://www.designboom.com/design/lunaire-eclipse-wall-lamp-by-ferreol-babin-for-fontana-arte/

[ 2 ] Pin Id: 407083253829474258

Title: w171 Alma s Pendant - Signal White
Link: https://shophorne.com/products/alma-w171-pendant?variant=8175050096685

[ 3 ] Pin Id: 407083253829475703

Title: WWAKE
Link: http://blog.wwake.com/post/27632186291/alexewhit-dying-fronds-cast-skin-by-ryan

[ 4 ] Pin Id: 407083253829483499

Title: Installation Art by Daniel Arsham
Link: http://www.crossconnectmag.com/post/142191701582

[ 5 ] Pin Id: 407083253829484778

Title: The New Design Age
Description: The New Design Age on Behance
Link: https://www.behance.net/gallery/31073445/The-New-Design-Age

[ 6 ] Pin Id: 407083253829501772

Title: PERSONNE: Photo
Description: PERSONNE
Link: https://blogmoderne.tumblr.com/image/113515008835

[ 7 ] Pin Id: 407083253829509248

Title: A Hospital in Bloom (Published 2012)
Link: https://www.nytimes.com/slideshow/2012/04/26/health/bloom-ss.html

[ 8 ] Pin Id: 407083253829509251

Title: JBL、オープン型と密閉型が選べる2ウェイ仕様＆スケルトンデザイン＆ノイキャン対応の完全ワイヤレスイヤホン「JBL TUNE FLEX」を発売 - Stereo Sound ONLINE
Link: https://online.stereosound.co.jp/_ct/17574827

[ 9 ] Pin Id: 407083253829509898

Title: APED
Link: https://www.behance.net/gallery/34246711/APED

[ 10 ] Pin Id: 407083253829517949

Title: TUBE AGE
Link: https://www.behance.net/gallery/95613821/TUBE-AGE

[ 11 ] Pin Id: 407083253829517955

Title: Gamboy

