Pinterest Downloader: Version 1.9

[ 1 ] Pin Id: 407083253827857202

Title: That's what I call compact!
Link: https://www.reddit.com/r/MechanicalKeyboards/comments/jsf9y9/thats_what_i_call_compact/?utm_source=ifttt

[ 2 ] Pin Id: 407083253827857240

Title: Soriano Blanco
Link: https://sorianoblanco.tumblr.com/post/190492617180

[ 3 ] Pin Id: 407083253827857259

Title: Online graphing calculator
Link: https://www.numworks.com/simulator/

[ 4 ] Pin Id: 407083253827857261

Title: minus-nothing
Description: minus-nothing
Link: http://minus-nothing.tumblr.com/post/164929884413

[ 5 ] Pin Id: 407083253827857262

Title: feiz design studio revitalizes round keys with universal logitech bluetooth keyboard
Description: logitech-feiz-design-studio-k380-bluetooth-keyboard-designboom-06
Link: http://www.designboom.com/technology/logitech-feiz-design-studio-k380-bluetooth-keyboard-11-19-2015/?utm_campaign=daily&utm_medium=e-mail&utm_source=subscribers

[ 6 ] Pin Id: 407083253827857622

Title: R2 . CA . 2019
Link: http://r2-r.tumblr.com/post/180312941349

[ 7 ] Pin Id: 407083253827857642

Description: 80's computer screen

[ 8 ] Pin Id: 407083253827861905

Title: DOMO-A Inspiration blog
Link: http://domoa.tumblr.com/post/79573204694/girtsreiniks-https-www-facebook-com-eventriot

