Pinterest Downloader: Version 1.9

[ 1 ] Pin Id: 407083253827893552

Title: @500px on Instagram: “Boat on⁠ ⁠ By Muhammad Amdad Hossain on #500px⁠ ⁠ 500px.com/tanimmahmud789⁠ .⁠ .⁠ .⁠ #aerialphotography #aerialphotographer #boat #upstream…”
Link: https://www.instagram.com/p/CcIZ8MyOmfi/?igshid=MDJmNzVkMjY=

[ 2 ] Pin Id: 407083253827893729

Title: SearchSystem™
Description: Luc Donckerwolke & Blackspace / Kia / Logotype / 2021
Link: https://www.searchsystem.co/post/650696620930957312/luc-donckerwolke-blackspace-kia-logotype

[ 3 ] Pin Id: 407083253827893732

Title: SearchSystem™
Description: Joëlle Snaith / FOLD / FOLD 2019 / Graphics / 2019
Link: https://www.searchsystem.co/post/612381626563002368

[ 4 ] Pin Id: 407083253827893734

Title: SearchSystem™
Description: Hate Plow / Nominal / Digital Art / 2016
Link: http://www.searchsystem.co/post/167010269203

[ 5 ] Pin Id: 407083253827895771

Title: 3 days march
Description: ✤ || CHARACTER DESIGN REFERENCES | キャラクターデザイン • Find more at www.facebook.com/CharacterDesignReferences
Link: http://www.3daysmarch.net/original.php?06

[ 6 ] Pin Id: 407083253827895849

Title: Archillect on Twitter
Link: http://twitter.com/archillect/status/700877549556076544

[ 7 ] Pin Id: 407083253827895868

Title: 2017: a year in Verge illustrations
Description: Electric lines wallpaper
Link: https://www.theverge.com/2017/12/28/16747680/2017-verge-illustrations

[ 8 ] Pin Id: 407083253827895974

Title: Mineral II
Link: https://www.behance.net/gallery/88351337/Mineral-II?tracking_source=best_of_behance

[ 9 ] Pin Id: 407083253827895997

Title: Seven Network Logo | Real Company | Number, Number 7
Description: Seven Network 7 logo, Number 7 logo, ribbon, Real company, real logo, Logos and Types, logomark number 7.
Link: https://logosandtypes.com/numbers/number-7/seven-network/

