Pinterest Downloader: Version 1.9

[ 1 ] Pin Id: 407083253829864512

Title: Made in Turkey: Curated by Arhan Kayar
Link: https://www.stirworld.com/inspire-people-made-in-turkey-curated-by-arhan-kayar

[ 2 ] Pin Id: 407083253829881705

Title: 0xFormations. Simple Geometric Shapes
Description: 0xFormations. Simple Geometric Shapes on Behance
Link: https://www.behance.net/gallery/118501865/0xFormations-Simple-Geometric-Shapes

[ 3 ] Pin Id: 407083253829882955

Title: oğuz can yazgı on Behance
Link: https://www.behance.net/oguzcanyazgi

[ 4 ] Pin Id: 407083253829890167

Title: avantform on Twitter
Link: https://twitter.com/avantform/status/1332013978092974081?s=12

[ 5 ] Pin Id: 407083253829904555

Title: Various 3D Experiments with Renaud Futterer
Description: Various 3D Experiments with Renaud Futterer
Link: https://abduzeedo.com/node/85530

[ 6 ] Pin Id: 407083253829905901

Title: Quest Pro
Description: ManvsMachine
Link: https://mvsm.com/project/quest-pro

[ 7 ] Pin Id: 407083253829905904

Title: Framework
Description: Framework on Behance
Link: https://www.behance.net/gallery/111940761/Framework

[ 8 ] Pin Id: 407083253829905944

Title: Muz TV | Shows Package
Link: https://www.behance.net/gallery/74530877/Muz-TV-Shows-Package

