Pinterest Downloader: Version 1.9

[ 1 ] Pin Id: 407083253828392741

Title: æ•…å®«å®˜å¾®æ™’æ˜¥æ—¥æèŠ±ç¾å›¾ï¼šåé‡Œæ˜¥é£å¹ä½œé›ª-æ–°åç½‘
Link: http://www.xinhuanet.com/politics/2016-04/02/c_128859212_3.htm

[ 2 ] Pin Id: 407083253828392753

Title: Basic Stamps
Description: Basic Stamps on Behance
Link: https://www.behance.net/gallery/16917491/Basic-Stamps

[ 3 ] Pin Id: 407083253828409392

Title: A Typeface Inspired by Legal Briefs That Challenges the Justice System
Description: Name: Redaction Designers: Jeremy Mickel, owner of the type foundry MCKL and Forest Young, head of design at Wolff Olins Release Date: March, 2019 (in
Link: https://eyeondesign.aiga.org/a-typeface-inspired-by-legal-briefs-that-challenges-the-justice-system/

[ 4 ] Pin Id: 407083253828409442

Title: ğ‘ºğ’‚ğ’—ğ’†=ğ’‡ğ’ğ’ğ’ğ’ğ’˜ #ğ‘¸ğ’–ğ’Šğ’ğ’

[ 5 ] Pin Id: 407083253828409448

Title: LEEUNGNO MUSEUM
Link: https://www.leeungnomuseum.or.kr/bbs/bbsView.do?bbsId=exhibit&seqno=6379&pageIndex=1&searchDisplayYn=N&en=

[ 6 ] Pin Id: 407083253828409455

Title: Blog Archive   Â» Moof! Remembering Clarus the DogCow
Link: https://vintagemacmuseum.com/moof-remembering-clarus-the-dogcow/

[ 7 ] Pin Id: 407083253828409456

Title: Table Lamps
Description: Iris Lamp - Shell White | Schoolhouse
Link: https://www.schoolhouse.com/products/iris-lamp-shell-white

[ 8 ] Pin Id: 407083253828416165

Title: Climate change informs rug collection by Fernando Mastrangelo
Description: Reverence rug collection by Fernando Mastrangelo
Link: https://www.dezeen.com/2017/10/17/reverence-rug-collection-climate-change-edward-fields-fernando-mastrangelo/?li_source=LI&li_medium=bottom_block_1

[ 9 ] Pin Id: 407083253828416166

Title: WSD2017ï½œTHE WEATHER MACHINE
Link: http://www.wsd2017.com/exhibition/detail/?pid=379

[ 10 ] Pin Id: 407083253828417120

Title: join us
Description: December 25 2016 at 12:18PM from utrippy
Link: http://utrippy.tumblr.com/post/154930525621

