Pinterest Downloader: Version 1.9

Input URL: https://www.pinterest.com/atulvinayak/pins/
Folder URL: https://www.pinterest.com/atulvinayak/sys1/logo-mark/

[ 1 ] Pin Id: 407083253827597167

Title: D DB
Link: http://www.danieledebatte.com/?ds-gallery=noise-01_02_03_04

[ 2 ] Pin Id: 407083253827848942

Title: Yeye Weller on Behance
Link: https://www.behance.net/yeyeweller

[ 3 ] Pin Id: 407083253827660402

Title: 20 Famous Animated Logo Designs - Inspirational Showcase
Link: http://justcreative.com/2017/10/15/20-famous-animated-logos-for-your-inspiration/

[ 4 ] Pin Id: 407083253827834851

Description: DeGruyter _ Ben Bos, Total Design (1971)

[ 5 ] Pin Id: 407083253827797143

Title: @logotheke on Instagram: “Sucorrico by Alexandre Wollner | 1972  #logotheke #logo #logomark #logodesigner #logoinspirations #logoinspiration #logolove #logobrand…”
Description: 434 отметок «Нравится», 4 комментариев — @logotheke в Instagram: «Sucorrico by Alexandre Wollner | 1972 #logotheke #logo #logomark #logodesigner #logoinspirations…»
Link: https://www.instagram.com/p/BBZ8owCAFiq/

[ 6 ] Pin Id: 407083253827581983

Title: Graphics thisisgrey likes
Link: http://thisisgrey.tumblr.com/post/154854236318

[ 7 ] Pin Id: 407083253827732725

Title: A Black Cover Design®
Link: https://ablackcoverdesign.com/post/187918092047

[ 8 ] Pin Id: 407083253827791653

Description: Welcome to my PROFESSIONAL BUSINESS LOGO DESIGN gig.If you are seriously looking for a Professional business logo then don't look any further. This is literally the best, yes you read it right, THE BEST logo design gig for you.The benefits to reap from this GIG:- Over thousands of satisfied brands/clients worldwide- Dedicated & Qualified Designers with 10+ years of experience- Fluent English Speaker to leave zero communication gap in understanding your original idea- 24/7 support
Link: https://track.fiverr.com/visit/?bta=141641&brand=fiverrcpa&utm_campaign=Pin_Logo31&landingPage=https://www.fiverr.com/jamjellyzxc/design-a-luxury-real-estate-logo-for-your-business

[ 9 ] Pin Id: 407083253827611806

Title: Sound & Flow — Claire Kang
Link: http://www.clairekang.com/sound-and-flow

[ 10 ] Pin Id: 407083253827527384

Link: https://scontent-frt3-1.xx.fbcdn.net/t31.0-8/13497731_1380066708676139_5056354475928235211_o.jpg

[ 11 ] Pin Id: 407083253827798512

Title: C*19
Link: https://dribbble.com/shots/11070090-C-19?utm_source=pinterest&utm_campaign=pinterest_shot&utm_content=C*19&utm_medium=Social_Share

[ 12 ] Pin Id: 407083253827597162

Title: X
Link: https://dribbble.com/shots/6536816-X

[ 13 ] Pin Id: 407083253827850238

Title: Blackletter II
Description: Blackletter II
Link: https://dribbble.com/shots/2578158-Blackletter-II

[ 14 ] Pin Id: 407083253827798411

Title: Logos
Link: https://www.behance.net/gallery/16115315/Logos

[ 15 ] Pin Id: 407083253827635312

Title: Logo collection July
Description: Logo collection July on Behance
Link: https://www.behance.net/gallery/54360105/Logo-collection-July

[ 16 ] Pin Id: 407083253827748254

Title: Logoseum
Description: National Film Board of Canada (NFB) (Retro) — Designer: Georges Beaupré; modified by Louis Gagnon (CD) and René Clément (2002); Firm: In-house; modified by Paprika Communications (2002); Year: 1969; modified in 1993 & 2002
Link: http://logoseum.tumblr.com/post/167391967749/national-film-board-of-canada-nfb-retro

[ 17 ] Pin Id: 407083253827257610

Description: TAN - LUNA NEGRA by TanType on @creativemarket
Link: https://creativemarket.com/tantype/5636688-TAN-LUNA-NEGRA?utm_source=Pinterest&utm_medium=CM%20Social%20Share&utm_campaign=Product%20Social%20Share&utm_content=TAN%20-%20LUNA%20NEGRA&ts=202102

[ 18 ] Pin Id: 407083253827708936

Title: Welcome to the Jungle
Description: Welcome to the Jungle on Behance
Link: https://www.behance.net/gallery/77407717/Welcome-to-the-Jungle

[ 19 ] Pin Id: 407083253827561741

Title: A Frame that Two can Play
Description: Brand New: New Logo and Identity for Art Gallery of New South Wales by Mucho and In-house
Link: https://www.underconsideration.com/brandnew/archives/new_logo_and_identity_for_art_gallery_of_new_south_wales_by_mucho_and_in_house.php

[ 20 ] Pin Id: 407083253827602616

Title: Alt. (Visual Reference Only): Photo
Description: Post anything (from anywhere!), customize everything, and find and follow what you love. Create your own Tumblr blog today.
Link: http://altstudio.tumblr.com/image/165966288306

[ 21 ] Pin Id: 407083253827152570

Title: Quim Marin Portfolio
Description: ImaginaMadrid by Quim Marin Studio www.quimmarin.com
Link: http://quimmarinstudio.tumblr.com/post/173289815004/imaginamadrid-by-quim-marin-studio

[ 22 ] Pin Id: 407083253827619433

Title: DeSimoneWayland
Description: choco-joint  ///DesimoneWayland
Link: http://desimonewayland.tumblr.com/post/171425020788/choco-joint-format

[ 23 ] Pin Id: 407083253827527386

Title: Feldmuhle Papier - Logo Database
Description: Feldmuhle Papier _ Burton Kramer
Link: http://www.graphis.com/logos/f019b88c-4b40-11e2-ae70-f23c91dffdec/

